/usr/bin/cmake -P /data/projects/TheGameJamTemplate-testing-automation/build-game-min-notracy/CMakeFiles/VerifyGlobs.cmake
/usr/bin/cmake -S/data/projects/TheGameJamTemplate-testing-automation -B/data/projects/TheGameJamTemplate-testing-automation/build-game-min-notracy --check-build-system CMakeFiles/Makefile.cmake 0
/usr/bin/gmake  -f CMakeFiles/Makefile2 raylib-cpp-cmake-template
gmake[1]: Entering directory '/data/projects/TheGameJamTemplate@testing-automation/build-game-min-notracy'
/usr/bin/cmake -P /data/projects/TheGameJamTemplate-testing-automation/build-game-min-notracy/CMakeFiles/VerifyGlobs.cmake
/usr/bin/cmake -S/data/projects/TheGameJamTemplate-testing-automation -B/data/projects/TheGameJamTemplate-testing-automation/build-game-min-notracy --check-build-system CMakeFiles/Makefile.cmake 0
/usr/bin/cmake -E cmake_progress_start /data/projects/TheGameJamTemplate-testing-automation/build-game-min-notracy/CMakeFiles 90
/usr/bin/gmake  -f CMakeFiles/Makefile2 CMakeFiles/raylib-cpp-cmake-template.dir/all
gmake[2]: Entering directory '/data/projects/TheGameJamTemplate@testing-automation/build-game-min-notracy'
/usr/bin/gmake  -f _deps/lua-build/CMakeFiles/lua_lib.dir/build.make _deps/lua-build/CMakeFiles/lua_lib.dir/depend
/usr/bin/gmake  -f _deps/raylib-build/raylib/external/glfw/src/CMakeFiles/glfw.dir/build.make _deps/raylib-build/raylib/external/glfw/src/CMakeFiles/glfw.dir/depend
gmake[3]: Entering directory '/data/projects/TheGameJamTemplate@testing-automation/build-game-min-notracy'
cd /data/projects/TheGameJamTemplate-testing-automation/build-game-min-notracy && /usr/bin/cmake -E cmake_depends "Unix Makefiles" /data/projects/TheGameJamTemplate-testing-automation /data/projects/TheGameJamTemplate-testing-automation/build-game-min-notracy/_deps/lua-src /data/projects/TheGameJamTemplate-testing-automation/build-game-min-notracy /data/projects/TheGameJamTemplate-testing-automation/build-game-min-notracy/_deps/lua-build /data/projects/TheGameJamTemplate-testing-automation/build-game-min-notracy/_deps/lua-build/CMakeFiles/lua_lib.dir/DependInfo.cmake "--color="
gmake[3]: Entering directory '/data/projects/TheGameJamTemplate@testing-automation/build-game-min-notracy'
cd /data/projects/TheGameJamTemplate-testing-automation/build-game-min-notracy && /usr/bin/cmake -E cmake_depends "Unix Makefiles" /data/projects/TheGameJamTemplate-testing-automation /data/projects/TheGameJamTemplate-testing-automation/build-game-min-notracy/_deps/raylib-src/src/external/glfw/src /data/projects/TheGameJamTemplate-testing-automation/build-game-min-notracy /data/projects/TheGameJamTemplate-testing-automation/build-game-min-notracy/_deps/raylib-build/raylib/external/glfw/src /data/projects/TheGameJamTemplate-testing-automation/build-game-min-notracy/_deps/raylib-build/raylib/external/glfw/src/CMakeFiles/glfw.dir/DependInfo.cmake "--color="
gmake[3]: Leaving directory '/data/projects/TheGameJamTemplate@testing-automation/build-game-min-notracy'
gmake[3]: Leaving directory '/data/projects/TheGameJamTemplate@testing-automation/build-game-min-notracy'
/usr/bin/gmake  -f _deps/raylib-build/raylib/external/glfw/src/CMakeFiles/glfw.dir/build.make _deps/raylib-build/raylib/external/glfw/src/CMakeFiles/glfw.dir/build
/usr/bin/gmake  -f _deps/lua-build/CMakeFiles/lua_lib.dir/build.make _deps/lua-build/CMakeFiles/lua_lib.dir/build
gmake[3]: Entering directory '/data/projects/TheGameJamTemplate@testing-automation/build-game-min-notracy'
gmake[3]: Nothing to be done for '_deps/lua-build/CMakeFiles/lua_lib.dir/build'.
gmake[3]: Leaving directory '/data/projects/TheGameJamTemplate@testing-automation/build-game-min-notracy'
gmake[3]: Entering directory '/data/projects/TheGameJamTemplate@testing-automation/build-game-min-notracy'
gmake[3]: Nothing to be done for '_deps/raylib-build/raylib/external/glfw/src/CMakeFiles/glfw.dir/build'.
gmake[3]: Leaving directory '/data/projects/TheGameJamTemplate@testing-automation/build-game-min-notracy'
[ 33%] Built target glfw
[ 43%] Built target lua_lib
/usr/bin/gmake  -f src/third_party/fmt/CMakeFiles/fmt.dir/build.make src/third_party/fmt/CMakeFiles/fmt.dir/depend
/usr/bin/gmake  -f _deps/spdlog-build/CMakeFiles/spdlog.dir/build.make _deps/spdlog-build/CMakeFiles/spdlog.dir/depend
gmake[3]: Entering directory '/data/projects/TheGameJamTemplate@testing-automation/build-game-min-notracy'
cd /data/projects/TheGameJamTemplate-testing-automation/build-game-min-notracy && /usr/bin/cmake -E cmake_depends "Unix Makefiles" /data/projects/TheGameJamTemplate-testing-automation /data/projects/TheGameJamTemplate-testing-automation/src/third_party/fmt /data/projects/TheGameJamTemplate-testing-automation/build-game-min-notracy /data/projects/TheGameJamTemplate-testing-automation/build-game-min-notracy/src/third_party/fmt /data/projects/TheGameJamTemplate-testing-automation/build-game-min-notracy/src/third_party/fmt/CMakeFiles/fmt.dir/DependInfo.cmake "--color="
gmake[3]: Entering directory '/data/projects/TheGameJamTemplate@testing-automation/build-game-min-notracy'
cd /data/projects/TheGameJamTemplate-testing-automation/build-game-min-notracy && /usr/bin/cmake -E cmake_depends "Unix Makefiles" /data/projects/TheGameJamTemplate-testing-automation /data/projects/TheGameJamTemplate-testing-automation/build-game-min-notracy/_deps/spdlog-src /data/projects/TheGameJamTemplate-testing-automation/build-game-min-notracy /data/projects/TheGameJamTemplate-testing-automation/build-game-min-notracy/_deps/spdlog-build /data/projects/TheGameJamTemplate-testing-automation/build-game-min-notracy/_deps/spdlog-build/CMakeFiles/spdlog.dir/DependInfo.cmake "--color="
gmake[3]: Leaving directory '/data/projects/TheGameJamTemplate@testing-automation/build-game-min-notracy'
/usr/bin/gmake  -f src/third_party/fmt/CMakeFiles/fmt.dir/build.make src/third_party/fmt/CMakeFiles/fmt.dir/build
gmake[3]: Entering directory '/data/projects/TheGameJamTemplate@testing-automation/build-game-min-notracy'
gmake[3]: Nothing to be done for 'src/third_party/fmt/CMakeFiles/fmt.dir/build'.
gmake[3]: Leaving directory '/data/projects/TheGameJamTemplate@testing-automation/build-game-min-notracy'
gmake[3]: Leaving directory '/data/projects/TheGameJamTemplate@testing-automation/build-game-min-notracy'
/usr/bin/gmake  -f _deps/spdlog-build/CMakeFiles/spdlog.dir/build.make _deps/spdlog-build/CMakeFiles/spdlog.dir/build
gmake[3]: Entering directory '/data/projects/TheGameJamTemplate@testing-automation/build-game-min-notracy'
gmake[3]: Nothing to be done for '_deps/spdlog-build/CMakeFiles/spdlog.dir/build'.
gmake[3]: Leaving directory '/data/projects/TheGameJamTemplate@testing-automation/build-game-min-notracy'
[ 44%] Built target fmt
/usr/bin/gmake  -f src/third_party/GPGOAP/CMakeFiles/gpgoap.dir/build.make src/third_party/GPGOAP/CMakeFiles/gpgoap.dir/depend
gmake[3]: Entering directory '/data/projects/TheGameJamTemplate@testing-automation/build-game-min-notracy'
cd /data/projects/TheGameJamTemplate-testing-automation/build-game-min-notracy && /usr/bin/cmake -E cmake_depends "Unix Makefiles" /data/projects/TheGameJamTemplate-testing-automation /data/projects/TheGameJamTemplate-testing-automation/src/third_party/GPGOAP /data/projects/TheGameJamTemplate-testing-automation/build-game-min-notracy /data/projects/TheGameJamTemplate-testing-automation/build-game-min-notracy/src/third_party/GPGOAP /data/projects/TheGameJamTemplate-testing-automation/build-game-min-notracy/src/third_party/GPGOAP/CMakeFiles/gpgoap.dir/DependInfo.cmake "--color="
[ 50%] Built target spdlog
/usr/bin/gmake  -f src/third_party/chipmunk/src/CMakeFiles/chipmunk_static.dir/build.make src/third_party/chipmunk/src/CMakeFiles/chipmunk_static.dir/depend
gmake[3]: Entering directory '/data/projects/TheGameJamTemplate@testing-automation/build-game-min-notracy'
cd /data/projects/TheGameJamTemplate-testing-automation/build-game-min-notracy && /usr/bin/cmake -E cmake_depends "Unix Makefiles" /data/projects/TheGameJamTemplate-testing-automation /data/projects/TheGameJamTemplate-testing-automation/src/third_party/chipmunk/src /data/projects/TheGameJamTemplate-testing-automation/build-game-min-notracy /data/projects/TheGameJamTemplate-testing-automation/build-game-min-notracy/src/third_party/chipmunk/src /data/projects/TheGameJamTemplate-testing-automation/build-game-min-notracy/src/third_party/chipmunk/src/CMakeFiles/chipmunk_static.dir/DependInfo.cmake "--color="
gmake[3]: Leaving directory '/data/projects/TheGameJamTemplate@testing-automation/build-game-min-notracy'
/usr/bin/gmake  -f src/third_party/GPGOAP/CMakeFiles/gpgoap.dir/build.make src/third_party/GPGOAP/CMakeFiles/gpgoap.dir/build
gmake[3]: Entering directory '/data/projects/TheGameJamTemplate@testing-automation/build-game-min-notracy'
gmake[3]: Nothing to be done for 'src/third_party/GPGOAP/CMakeFiles/gpgoap.dir/build'.
gmake[3]: Leaving directory '/data/projects/TheGameJamTemplate@testing-automation/build-game-min-notracy'
[ 52%] Built target gpgoap
gmake[3]: Leaving directory '/data/projects/TheGameJamTemplate@testing-automation/build-game-min-notracy'
/usr/bin/gmake  -f src/third_party/chipmunk/src/CMakeFiles/chipmunk_static.dir/build.make src/third_party/chipmunk/src/CMakeFiles/chipmunk_static.dir/build
/usr/bin/gmake  -f _deps/raylib-build/raylib/CMakeFiles/raylib.dir/build.make _deps/raylib-build/raylib/CMakeFiles/raylib.dir/depend
gmake[3]: Entering directory '/data/projects/TheGameJamTemplate@testing-automation/build-game-min-notracy'
cd /data/projects/TheGameJamTemplate-testing-automation/build-game-min-notracy && /usr/bin/cmake -E cmake_depends "Unix Makefiles" /data/projects/TheGameJamTemplate-testing-automation /data/projects/TheGameJamTemplate-testing-automation/build-game-min-notracy/_deps/raylib-src/src /data/projects/TheGameJamTemplate-testing-automation/build-game-min-notracy /data/projects/TheGameJamTemplate-testing-automation/build-game-min-notracy/_deps/raylib-build/raylib /data/projects/TheGameJamTemplate-testing-automation/build-game-min-notracy/_deps/raylib-build/raylib/CMakeFiles/raylib.dir/DependInfo.cmake "--color="
gmake[3]: Entering directory '/data/projects/TheGameJamTemplate@testing-automation/build-game-min-notracy'
gmake[3]: Nothing to be done for 'src/third_party/chipmunk/src/CMakeFiles/chipmunk_static.dir/build'.
gmake[3]: Leaving directory '/data/projects/TheGameJamTemplate@testing-automation/build-game-min-notracy'
gmake[3]: Leaving directory '/data/projects/TheGameJamTemplate@testing-automation/build-game-min-notracy'
/usr/bin/gmake  -f _deps/raylib-build/raylib/CMakeFiles/raylib.dir/build.make _deps/raylib-build/raylib/CMakeFiles/raylib.dir/build
[ 77%] Built target chipmunk_static
gmake[3]: Entering directory '/data/projects/TheGameJamTemplate@testing-automation/build-game-min-notracy'
gmake[3]: Nothing to be done for '_deps/raylib-build/raylib/CMakeFiles/raylib.dir/build'.
gmake[3]: Leaving directory '/data/projects/TheGameJamTemplate@testing-automation/build-game-min-notracy'
[ 84%] Built target raylib
/usr/bin/gmake  -f CMakeFiles/raylib-cpp-cmake-template.dir/build.make CMakeFiles/raylib-cpp-cmake-template.dir/depend
gmake[3]: Entering directory '/data/projects/TheGameJamTemplate@testing-automation/build-game-min-notracy'
cd /data/projects/TheGameJamTemplate-testing-automation/build-game-min-notracy && /usr/bin/cmake -E cmake_depends "Unix Makefiles" /data/projects/TheGameJamTemplate-testing-automation /data/projects/TheGameJamTemplate-testing-automation /data/projects/TheGameJamTemplate-testing-automation/build-game-min-notracy /data/projects/TheGameJamTemplate-testing-automation/build-game-min-notracy /data/projects/TheGameJamTemplate-testing-automation/build-game-min-notracy/CMakeFiles/raylib-cpp-cmake-template.dir/DependInfo.cmake "--color="
gmake[3]: Leaving directory '/data/projects/TheGameJamTemplate@testing-automation/build-game-min-notracy'
/usr/bin/gmake  -f CMakeFiles/raylib-cpp-cmake-template.dir/build.make CMakeFiles/raylib-cpp-cmake-template.dir/build
gmake[3]: Entering directory '/data/projects/TheGameJamTemplate@testing-automation/build-game-min-notracy'
[ 85%] Linking CXX executable raylib-cpp-cmake-template
/usr/bin/cmake -E cmake_link_script CMakeFiles/raylib-cpp-cmake-template.dir/link.txt --verbose=1
/usr/bin/ld: _deps/lua-build/liblua_lib.a(loslib.c.o): in function `os_tmpname':
/data/projects/TheGameJamTemplate-testing-automation/build-game-min-notracy/_deps/lua-src/src/loslib.c:172:(.text+0x3ff): warning: the use of `tmpnam' is dangerous, better use `mkstemp'
/usr/bin/ld: CMakeFiles/raylib-cpp-cmake-template.dir/Unity/unity_0_cxx.cxx.o: warning: relocation against `_ZN5layer28render_stack_switch_internal11renderStackE' in read-only section `.text._ZN5layer28render_stack_switch_internal16RenderStackGuard4pushER13RenderTexture[_ZN5layer28render_stack_switch_internal16RenderStackGuard4pushER13RenderTexture]'
/usr/bin/ld: CMakeFiles/raylib-cpp-cmake-template.dir/Unity/unity_12_cxx.cxx.o: in function `ui::util::ApplyTransformMatrixImmediate(float const&, float const&, float const&, float const&, float const&, float const&, float const&, layer::Layer*, std::optional<Vector2>, bool)':
/data/projects/TheGameJamTemplate-testing-automation/src/systems/ui/util.cpp:268:(.text+0x1db8): undefined reference to `layer::Translate(float, float)'
/usr/bin/ld: /data/projects/TheGameJamTemplate-testing-automation/src/systems/ui/util.cpp:283:(.text+0x1dcf): undefined reference to `layer::Scale(float, float)'
/usr/bin/ld: /data/projects/TheGameJamTemplate-testing-automation/src/systems/ui/util.cpp:288:(.text+0x1de0): undefined reference to `layer::Rotate(float)'
/usr/bin/ld: /data/projects/TheGameJamTemplate-testing-automation/src/systems/ui/util.cpp:276:(.text+0x1e2c): undefined reference to `layer::Translate(float, float)'
/usr/bin/ld: /data/projects/TheGameJamTemplate-testing-automation/src/systems/ui/util.cpp:252:(.text+0x1e44): undefined reference to `layer::Translate(float, float)'
/usr/bin/ld: CMakeFiles/raylib-cpp-cmake-template.dir/Unity/unity_12_cxx.cxx.o: in function `ui::util::RenderRectVerticlesOutlineLayerImmediate(std::shared_ptr<layer::Layer>, std::vector<Vector2, std::allocator<Vector2> > const&, Color, std::vector<Vector2, std::allocator<Vector2> > const&)':
/data/projects/TheGameJamTemplate-testing-automation/src/systems/ui/util.cpp:1868:(.text+0x3716): undefined reference to `layer::SetRLTexture(Texture)'
/usr/bin/ld: /data/projects/TheGameJamTemplate-testing-automation/src/systems/ui/util.cpp:1872:(.text+0x3724): undefined reference to `layer::BeginRLMode(int)'
/usr/bin/ld: /data/projects/TheGameJamTemplate-testing-automation/src/systems/ui/util.cpp:1883:(.text+0x3748): undefined reference to `layer::Vertex(Vector2, Color)'
/usr/bin/ld: /data/projects/TheGameJamTemplate-testing-automation/src/systems/ui/util.cpp:1889:(.text+0x3759): undefined reference to `layer::Vertex(Vector2, Color)'
/usr/bin/ld: /data/projects/TheGameJamTemplate-testing-automation/src/systems/ui/util.cpp:1895:(.text+0x3769): undefined reference to `layer::Vertex(Vector2, Color)'
/usr/bin/ld: /data/projects/TheGameJamTemplate-testing-automation/src/systems/ui/util.cpp:1903:(.text+0x377a): undefined reference to `layer::Vertex(Vector2, Color)'
/usr/bin/ld: /data/projects/TheGameJamTemplate-testing-automation/src/systems/ui/util.cpp:1909:(.text+0x378a): undefined reference to `layer::Vertex(Vector2, Color)'
/usr/bin/ld: CMakeFiles/raylib-cpp-cmake-template.dir/Unity/unity_12_cxx.cxx.o:/data/projects/TheGameJamTemplate-testing-automation/src/systems/ui/util.cpp:1915: more undefined references to `layer::Vertex(Vector2, Color)' follow
/usr/bin/ld: CMakeFiles/raylib-cpp-cmake-template.dir/Unity/unity_12_cxx.cxx.o: in function `ui::util::RenderRectVerticesFilledLayerImmediate(layer::Layer*, Rectangle, std::vector<Vector2, std::allocator<Vector2> > const&, Color)':
/data/projects/TheGameJamTemplate-testing-automation/src/systems/ui/util.cpp:1982:(.text+0x380f): undefined reference to `layer::SetRLTexture(Texture)'
/usr/bin/ld: /data/projects/TheGameJamTemplate-testing-automation/src/systems/ui/util.cpp:1986:(.text+0x381d): undefined reference to `layer::BeginRLMode(int)'
/usr/bin/ld: /data/projects/TheGameJamTemplate-testing-automation/src/systems/ui/util.cpp:2001:(.text+0x3858): undefined reference to `layer::Vertex(Vector2, Color)'
/usr/bin/ld: /data/projects/TheGameJamTemplate-testing-automation/src/systems/ui/util.cpp:2007:(.text+0x3869): undefined reference to `layer::Vertex(Vector2, Color)'
/usr/bin/ld: /data/projects/TheGameJamTemplate-testing-automation/src/systems/ui/util.cpp:2013:(.text+0x387d): undefined reference to `layer::Vertex(Vector2, Color)'
/usr/bin/ld: CMakeFiles/raylib-cpp-cmake-template.dir/Unity/unity_12_cxx.cxx.o: in function `ui::util::DrawNPatchUIElementImmediate(layer::Layer*, entt::basic_registry<entt::entity, std::allocator<entt::entity> >&, entt::entity, Color const&, float, std::optional<float>)':
/data/projects/TheGameJamTemplate-testing-automation/src/systems/ui/util.cpp:775:(.text+0xc096): undefined reference to `layer::PushMatrix()'
/usr/bin/ld: /data/projects/TheGameJamTemplate-testing-automation/src/systems/ui/util.cpp:796:(.text+0xc174): undefined reference to `layer::PopMatrix()'
/usr/bin/ld: /data/projects/TheGameJamTemplate-testing-automation/src/systems/ui/util.cpp:796:(.text+0xc25f): undefined reference to `layer::PopMatrix()'
/usr/bin/ld: /data/projects/TheGameJamTemplate-testing-automation/src/systems/ui/util.cpp:802:(.text+0xc26c): undefined reference to `layer::PushMatrix()'
/usr/bin/ld: /data/projects/TheGameJamTemplate-testing-automation/src/systems/ui/util.cpp:830:(.text+0xc350): undefined reference to `layer::Translate(float, float)'
/usr/bin/ld: /data/projects/TheGameJamTemplate-testing-automation/src/systems/ui/util.cpp:746:(.text+0xc481): undefined reference to `layer::PushMatrix()'
/usr/bin/ld: /data/projects/TheGameJamTemplate-testing-automation/src/systems/ui/util.cpp:770:(.text+0xc597): undefined reference to `layer::PopMatrix()'
/usr/bin/ld: /data/projects/TheGameJamTemplate-testing-automation/src/systems/ui/util.cpp:847:(.text+0xc688): undefined reference to `layer::RenderNPatchRect(Texture, NPatchInfo, Rectangle, Vector2, float, Color)'
/usr/bin/ld: CMakeFiles/raylib-cpp-cmake-template.dir/Unity/unity_12_cxx.cxx.o: in function `ui::(anonymous namespace)::DrawUIDecorationsInternal(layer::Layer*, ui::UIDecorations const&, float, float, float, float, bool) [clone .isra.0]':
/data/projects/TheGameJamTemplate-testing-automation/src/systems/ui/util.cpp:924:(.text+0x10566): undefined reference to `layer::PushMatrix()'
/usr/bin/ld: /data/projects/TheGameJamTemplate-testing-automation/src/systems/ui/util.cpp:925:(.text+0x1057b): undefined reference to `layer::Translate(float, float)'
/usr/bin/ld: /data/projects/TheGameJamTemplate-testing-automation/src/systems/ui/util.cpp:926:(.text+0x10585): undefined reference to `layer::Rotate(float)'
/usr/bin/ld: /data/projects/TheGameJamTemplate-testing-automation/src/systems/ui/util.cpp:927:(.text+0x105a8): undefined reference to `layer::Translate(float, float)'
/usr/bin/ld: /data/projects/TheGameJamTemplate-testing-automation/src/systems/ui/util.cpp:931:(.text+0x10604): undefined reference to `layer::PopMatrix()'
/usr/bin/ld: CMakeFiles/raylib-cpp-cmake-template.dir/Unity/unity_12_cxx.cxx.o: in function `ui::util::DrawSteppedRoundedRectangleImmediate(layer::Layer*, entt::basic_registry<entt::entity, std::allocator<entt::entity> >&, entt::entity, transform::Transform&, ui::UIConfig*, transform::GameObject&, ui::RoundedRectangleVerticesCache*, float const&, float const&, float const&, float const&, float const&, float const&, float const&, int const&, float, std::unordered_map<std::__cxx11::basic_string<char, std::char_traits<char>, std::allocator<char> >, Color, std::hash<std::__cxx11::basic_string<char, std::char_traits<char>, std::allocator<char> > >, std::equal_to<std::__cxx11::basic_string<char, std::char_traits<char>, std::allocator<char> > >, std::allocator<std::pair<std::__cxx11::basic_string<char, std::char_traits<char>, std::allocator<char> > const, Color> > > const&, std::optional<float>, std::optional<float>)':
/data/projects/TheGameJamTemplate-testing-automation/src/systems/ui/util.cpp:1823:(.text+0x18e20): undefined reference to `layer::PushMatrix()'
/usr/bin/ld: /data/projects/TheGameJamTemplate-testing-automation/src/systems/ui/util.cpp:1854:(.text+0x18ed4): undefined reference to `layer::RenderRectVerticlesOutlineLayer(layer::Layer*, entt::entity, Color, bool)'
/usr/bin/ld: /data/projects/TheGameJamTemplate-testing-automation/src/systems/ui/util.cpp:1626:(.text+0x19011): undefined reference to `layer::PushMatrix()'
/usr/bin/ld: /data/projects/TheGameJamTemplate-testing-automation/src/systems/ui/util.cpp:1660:(.text+0x19123): undefined reference to `layer::PopMatrix()'
/usr/bin/ld: /data/projects/TheGameJamTemplate-testing-automation/src/systems/ui/util.cpp:1705:(.text+0x192f1): undefined reference to `layer::PushMatrix()'
/usr/bin/ld: /data/projects/TheGameJamTemplate-testing-automation/src/systems/ui/util.cpp:1734:(.text+0x193e5): undefined reference to `layer::PopMatrix()'
/usr/bin/ld: /data/projects/TheGameJamTemplate-testing-automation/src/systems/ui/util.cpp:1742:(.text+0x1941a): undefined reference to `layer::PushMatrix()'
/usr/bin/ld: /data/projects/TheGameJamTemplate-testing-automation/src/systems/ui/util.cpp:1774:(.text+0x194fb): undefined reference to `layer::Translate(float, float)'
/usr/bin/ld: /data/projects/TheGameJamTemplate-testing-automation/src/systems/ui/util.cpp:1779:(.text+0x1950b): undefined reference to `layer::Scale(float, float)'
/usr/bin/ld: /data/projects/TheGameJamTemplate-testing-automation/src/systems/ui/util.cpp:1784:(.text+0x19524): undefined reference to `layer::Translate(float, float)'
/usr/bin/ld: /data/projects/TheGameJamTemplate-testing-automation/src/systems/ui/util.cpp:1812:(.text+0x195cd): undefined reference to `layer::RenderRectVerticesFilledLayer(layer::Layer*, Rectangle, bool, entt::entity, Color)'
/usr/bin/ld: /data/projects/TheGameJamTemplate-testing-automation/src/systems/ui/util.cpp:1816:(.text+0x195d2): undefined reference to `layer::PopMatrix()'
/usr/bin/ld: /data/projects/TheGameJamTemplate-testing-automation/src/systems/ui/util.cpp:1666:(.text+0x19601): undefined reference to `layer::PushMatrix()'
/usr/bin/ld: /data/projects/TheGameJamTemplate-testing-automation/src/systems/ui/util.cpp:1693:(.text+0x196fa): undefined reference to `layer::RenderRectVerticlesOutlineLayer(layer::Layer*, entt::entity, Color, bool)'
/usr/bin/ld: /data/projects/TheGameJamTemplate-testing-automation/src/systems/ui/util.cpp:1696:(.text+0x196ff): undefined reference to `layer::PopMatrix()'
/usr/bin/ld: /data/projects/TheGameJamTemplate-testing-automation/src/systems/ui/util.cpp:1566:(.text+0x1971e): undefined reference to `layer::PushMatrix()'
/usr/bin/ld: /data/projects/TheGameJamTemplate-testing-automation/src/systems/ui/util.cpp:1593:(.text+0x1980a): undefined reference to `layer::PopMatrix()'
/usr/bin/ld: /data/projects/TheGameJamTemplate-testing-automation/src/systems/ui/util.cpp:1599:(.text+0x19834): undefined reference to `layer::PushMatrix()'
/usr/bin/ld: /data/projects/TheGameJamTemplate-testing-automation/src/systems/ui/util.cpp:1614:(.text+0x198c5): undefined reference to `layer::RenderRectVerticlesOutlineLayer(layer::Layer*, entt::entity, Color, bool)'
/usr/bin/ld: /data/projects/TheGameJamTemplate-testing-automation/src/systems/ui/util.cpp:1618:(.text+0x198ca): undefined reference to `layer::PopMatrix()'
/usr/bin/ld: CMakeFiles/raylib-cpp-cmake-template.dir/Unity/unity_12_cxx.cxx.o: in function `ui::util::ApplyTransformMatrixImmediate(float const&, float const&, float const&, float const&, float const&, float const&, float const&, layer::Layer*, std::optional<Vector2>, bool)':
/data/projects/TheGameJamTemplate-testing-automation/src/systems/ui/util.cpp:291:(.text+0x1e1a): undefined reference to `layer::Translate(float, float)'
/usr/bin/ld: CMakeFiles/raylib-cpp-cmake-template.dir/Unity/unity_12_cxx.cxx.o: in function `ui::util::RenderRectVerticlesOutlineLayerImmediate(std::shared_ptr<layer::Layer>, std::vector<Vector2, std::allocator<Vector2> > const&, Color, std::vector<Vector2, std::allocator<Vector2> > const&)':
/data/projects/TheGameJamTemplate-testing-automation/src/systems/ui/util.cpp:1918:(.text+0x37c2): undefined reference to `layer::EndRLMode()'
/usr/bin/ld: CMakeFiles/raylib-cpp-cmake-template.dir/Unity/unity_12_cxx.cxx.o: in function `ui::util::RenderRectVerticesFilledLayerImmediate(layer::Layer*, Rectangle, std::vector<Vector2, std::allocator<Vector2> > const&, Color)':
/data/projects/TheGameJamTemplate-testing-automation/src/systems/ui/util.cpp:2017:(.text+0x389e): undefined reference to `layer::EndRLMode()'
/usr/bin/ld: CMakeFiles/raylib-cpp-cmake-template.dir/Unity/unity_12_cxx.cxx.o: in function `ui::util::DrawNPatchUIElementImmediate(layer::Layer*, entt::basic_registry<entt::entity, std::allocator<entt::entity> >&, entt::entity, Color const&, float, std::optional<float>)':
/data/projects/TheGameJamTemplate-testing-automation/src/systems/ui/util.cpp:851:(.text+0xc40c): undefined reference to `layer::PopMatrix()'
/usr/bin/ld: CMakeFiles/raylib-cpp-cmake-template.dir/Unity/unity_12_cxx.cxx.o: in function `ui::util::RenderRectVerticlesOutlineLayer(std::shared_ptr<layer::Layer>, std::vector<Vector2, std::allocator<Vector2> > const&, Color, std::vector<Vector2, std::allocator<Vector2> > const&)':
/data/projects/TheGameJamTemplate-testing-automation/src/systems/ui/util.cpp:1971:(.text+0xe467): undefined reference to `layer::EndRLMode()'
/usr/bin/ld: CMakeFiles/raylib-cpp-cmake-template.dir/Unity/unity_12_cxx.cxx.o: in function `ui::util::DrawSteppedRoundedRectangleImmediate(layer::Layer*, entt::basic_registry<entt::entity, std::allocator<entt::entity> >&, entt::entity, transform::Transform&, ui::UIConfig*, transform::GameObject&, ui::RoundedRectangleVerticesCache*, float const&, float const&, float const&, float const&, float const&, float const&, float const&, int const&, float, std::unordered_map<std::__cxx11::basic_string<char, std::char_traits<char>, std::allocator<char> >, Color, std::hash<std::__cxx11::basic_string<char, std::char_traits<char>, std::allocator<char> > >, std::equal_to<std::__cxx11::basic_string<char, std::char_traits<char>, std::allocator<char> > >, std::allocator<std::pair<std::__cxx11::basic_string<char, std::char_traits<char>, std::allocator<char> > const, Color> > > const&, std::optional<float>, std::optional<float>)':
/data/projects/TheGameJamTemplate-testing-automation/src/systems/ui/util.cpp:1856:(.text+0x18f01): undefined reference to `layer::PopMatrix()'
/usr/bin/ld: CMakeFiles/raylib-cpp-cmake-template.dir/Unity/unity_10_cxx.cxx.o: in function `ui::element::DrawSelfImmediate(entt::basic_registry<entt::entity, std::allocator<entt::entity> >&, layer::Layer*, entt::entity, ui::UIElementComponent&, ui::UIConfig&, ui::UIState&, transform::GameObject&, transform::Transform&)':
/data/projects/TheGameJamTemplate-testing-automation/src/systems/ui/element.cpp:1758:(.text+0x2c725): undefined reference to `layer::PopMatrix()'
/usr/bin/ld: /data/projects/TheGameJamTemplate-testing-automation/src/systems/ui/element.cpp:1823:(.text+0x2c934): undefined reference to `layer::PushMatrix()'
/usr/bin/ld: /data/projects/TheGameJamTemplate-testing-automation/src/systems/ui/element.cpp:1824:(.text+0x2c97d): undefined reference to `layer::Translate(float, float)'
/usr/bin/ld: /data/projects/TheGameJamTemplate-testing-automation/src/systems/ui/element.cpp:1833:(.text+0x2ca2e): undefined reference to `layer::TextPro(std::__cxx11::basic_string<char, std::char_traits<char>, std::allocator<char> > const&, Font, float, float, Vector2 const&, float, float, float, Color const&)'
/usr/bin/ld: /data/projects/TheGameJamTemplate-testing-automation/src/systems/ui/element.cpp:1849:(.text+0x2cb56): undefined reference to `layer::RectangleDraw(float, float, float, float, Color const&, float)'
/usr/bin/ld: /data/projects/TheGameJamTemplate-testing-automation/src/systems/ui/element.cpp:1853:(.text+0x2cb67): undefined reference to `layer::PopMatrix()'
/usr/bin/ld: /data/projects/TheGameJamTemplate-testing-automation/src/systems/ui/element.cpp:1599:(.text+0x2d0c1): undefined reference to `layer::PushMatrix()'
/usr/bin/ld: CMakeFiles/raylib-cpp-cmake-template.dir/Unity/unity_10_cxx.cxx.o: in function `std::unordered_map<layer::DrawCommandType, std::function<void (layer::Layer*, void*)>, std::hash<layer::DrawCommandType>, std::equal_to<layer::DrawCommandType>, std::allocator<std::pair<layer::DrawCommandType const, std::function<void (layer::Layer*, void*)> > > >::find(layer::DrawCommandType const&)':
/usr/include/c++/15/bits/unordered_map.h:947:(.text+0x2d95a): undefined reference to `layer::dispatcher'
/usr/bin/ld: CMakeFiles/raylib-cpp-cmake-template.dir/Unity/unity_10_cxx.cxx.o: in function `ui::element::DrawSelfImmediate(entt::basic_registry<entt::entity, std::allocator<entt::entity> >&, layer::Layer*, entt::entity, ui::UIElementComponent&, ui::UIConfig&, ui::UIState&, transform::GameObject&, transform::Transform&)':
/data/projects/TheGameJamTemplate-testing-automation/src/systems/ui/element.cpp:1729:(.text+0x2dd72): undefined reference to `layer::RectangleDraw(float, float, float, float, Color const&, float)'
/usr/bin/ld: /data/projects/TheGameJamTemplate-testing-automation/src/systems/ui/element.cpp:1556:(.text+0x2e07a): undefined reference to `layer::PushMatrix()'
/usr/bin/ld: /data/projects/TheGameJamTemplate-testing-automation/src/systems/ui/element.cpp:1561:(.text+0x2e08f): undefined reference to `layer::Translate(float, float)'
/usr/bin/ld: /data/projects/TheGameJamTemplate-testing-automation/src/systems/ui/element.cpp:1589:(.text+0x2e185): undefined reference to `layer::TextPro(std::__cxx11::basic_string<char, std::char_traits<char>, std::allocator<char> > const&, Font, float, float, Vector2 const&, float, float, float, Color const&)'
/usr/bin/ld: /data/projects/TheGameJamTemplate-testing-automation/src/systems/ui/element.cpp:1592:(.text+0x2e19a): undefined reference to `layer::PopMatrix()'
/usr/bin/ld: /data/projects/TheGameJamTemplate-testing-automation/src/systems/ui/element.cpp:1943:(.text+0x2e28a): undefined reference to `layer::Triangle(Vector2, Vector2, Vector2, Color const&)'
/usr/bin/ld: /data/projects/TheGameJamTemplate-testing-automation/src/systems/ui/element.cpp:1805:(.text+0x2e445): undefined reference to `layer::PushMatrix()'
/usr/bin/ld: /data/projects/TheGameJamTemplate-testing-automation/src/systems/ui/element.cpp:1806:(.text+0x2e49e): undefined reference to `layer::Translate(float, float)'
/usr/bin/ld: /data/projects/TheGameJamTemplate-testing-automation/src/systems/ui/element.cpp:1818:(.text+0x2e5aa): undefined reference to `layer::TextPro(std::__cxx11::basic_string<char, std::char_traits<char>, std::allocator<char> > const&, Font, float, float, Vector2 const&, float, float, float, Color const&)'
/usr/bin/ld: /data/projects/TheGameJamTemplate-testing-automation/src/systems/ui/element.cpp:1819:(.text+0x2e5bf): undefined reference to `layer::PopMatrix()'
/usr/bin/ld: /data/projects/TheGameJamTemplate-testing-automation/src/systems/ui/element.cpp:1828:(.text+0x2e724): undefined reference to `layer::Translate(float, float)'
/usr/bin/ld: /data/projects/TheGameJamTemplate-testing-automation/src/systems/ui/element.cpp:1829:(.text+0x2e731): undefined reference to `layer::Rotate(float)'
/usr/bin/ld: /data/projects/TheGameJamTemplate-testing-automation/src/systems/ui/element.cpp:1934:(.text+0x2e818): undefined reference to `layer::Triangle(Vector2, Vector2, Vector2, Color const&)'
/usr/bin/ld: /data/projects/TheGameJamTemplate-testing-automation/src/systems/ui/element.cpp:1537:(.text+0x2ed0c): undefined reference to `layer::PushMatrix()'
/usr/bin/ld: /data/projects/TheGameJamTemplate-testing-automation/src/systems/ui/element.cpp:1539:(.text+0x2ed59): undefined reference to `layer::Translate(float, float)'
/usr/bin/ld: /data/projects/TheGameJamTemplate-testing-automation/src/systems/ui/element.cpp:1549:(.text+0x2ee3f): undefined reference to `layer::TextPro(std::__cxx11::basic_string<char, std::char_traits<char>, std::allocator<char> > const&, Font, float, float, Vector2 const&, float, float, float, Color const&)'
/usr/bin/ld: /data/projects/TheGameJamTemplate-testing-automation/src/systems/ui/element.cpp:1551:(.text+0x2ee54): undefined reference to `layer::PopMatrix()'
/usr/bin/ld: /data/projects/TheGameJamTemplate-testing-automation/src/systems/ui/element.cpp:1810:(.text+0x2eeb7): undefined reference to `layer::Translate(float, float)'
/usr/bin/ld: /data/projects/TheGameJamTemplate-testing-automation/src/systems/ui/element.cpp:1811:(.text+0x2eec4): undefined reference to `layer::Rotate(float)'
/usr/bin/ld: /data/projects/TheGameJamTemplate-testing-automation/src/systems/ui/element.cpp:1568:(.text+0x2efd7): undefined reference to `layer::Translate(float, float)'
/usr/bin/ld: /data/projects/TheGameJamTemplate-testing-automation/src/systems/ui/element.cpp:1572:(.text+0x2efe4): undefined reference to `layer::Rotate(float)'
/usr/bin/ld: /data/projects/TheGameJamTemplate-testing-automation/src/systems/ui/element.cpp:1544:(.text+0x2f2c6): undefined reference to `layer::Translate(float, float)'
/usr/bin/ld: /data/projects/TheGameJamTemplate-testing-automation/src/systems/ui/element.cpp:1545:(.text+0x2f2d3): undefined reference to `layer::Rotate(float)'
/usr/bin/ld: CMakeFiles/raylib-cpp-cmake-template.dir/Unity/unity_10_cxx.cxx.o: in function `std::unordered_map<layer::DrawCommandType, std::function<void (layer::Layer*, void*)>, std::hash<layer::DrawCommandType>, std::equal_to<layer::DrawCommandType>, std::allocator<std::pair<layer::DrawCommandType const, std::function<void (layer::Layer*, void*)> > > >::find(layer::DrawCommandType const&)':
/usr/include/c++/15/bits/unordered_map.h:947:(.text+0x2f329): undefined reference to `layer::dispatcher'
/usr/bin/ld: CMakeFiles/raylib-cpp-cmake-template.dir/Unity/unity_10_cxx.cxx.o: in function `layer::layer_order_system::SetToTopZIndex(entt::basic_registry<entt::entity, std::allocator<entt::entity> >&, entt::entity, bool)':
/data/projects/TheGameJamTemplate-testing-automation/src/systems/layer/layer_order_system.hpp:19:(.text._ZN5layer18layer_order_system14SetToTopZIndexERN4entt14basic_registryINS1_6entityESaIS3_EEES3_b[_ZN5layer18layer_order_system14SetToTopZIndexERN4entt14basic_registryINS1_6entityESaIS3_EEES3_b]+0xae): undefined reference to `layer::layer_order_system::newZIndex'
/usr/bin/ld: /data/projects/TheGameJamTemplate-testing-automation/src/systems/layer/layer_order_system.hpp:28:(.text._ZN5layer18layer_order_system14SetToTopZIndexERN4entt14basic_registryINS1_6entityESaIS3_EEES3_b[_ZN5layer18layer_order_system14SetToTopZIndexERN4entt14basic_registryINS1_6entityESaIS3_EEES3_b]+0x15e): undefined reference to `layer::layer_order_system::newZIndex'
/usr/bin/ld: CMakeFiles/raylib-cpp-cmake-template.dir/Unity/unity_10_cxx.cxx.o: in function `auto entt::basic_storage<layer::LayerOrderComponent, entt::entity, std::allocator<layer::LayerOrderComponent>, void>::emplace_element<layer::LayerOrderComponent>(entt::entity, bool, layer::LayerOrderComponent&&)':
/data/projects/TheGameJamTemplate-testing-automation/build-game-min-notracy/_deps/entt-src/single_include/entt/entt.hpp:17167:(.text._ZN5layer18layer_order_system14SetToTopZIndexERN4entt14basic_registryINS1_6entityESaIS3_EEES3_b[_ZN5layer18layer_order_system14SetToTopZIndexERN4entt14basic_registryINS1_6entityESaIS3_EEES3_b]+0x18c): undefined reference to `layer::layer_order_system::newZIndex'
/usr/bin/ld: CMakeFiles/raylib-cpp-cmake-template.dir/Unity/unity_9_cxx.cxx.o: in function `std::unordered_map<layer::DrawCommandType, std::function<void (layer::Layer*, void*)>, std::hash<layer::DrawCommandType>, std::equal_to<layer::DrawCommandType>, std::allocator<std::pair<layer::DrawCommandType const, std::function<void (layer::Layer*, void*)> > > >::find(layer::DrawCommandType const&)':
/usr/include/c++/15/bits/unordered_map.h:947:(.text+0x42016): undefined reference to `layer::dispatcher'
/usr/bin/ld: /usr/include/c++/15/bits/unordered_map.h:947:(.text+0x420eb): undefined reference to `layer::dispatcher'
/usr/bin/ld: /usr/include/c++/15/bits/unordered_map.h:947:(.text+0x4219e): undefined reference to `layer::dispatcher'
/usr/bin/ld: /usr/include/c++/15/bits/unordered_map.h:947:(.text+0x42523): undefined reference to `layer::dispatcher'
/usr/bin/ld: /usr/include/c++/15/bits/unordered_map.h:947:(.text+0x425a3): undefined reference to `layer::dispatcher'
/usr/bin/ld: CMakeFiles/raylib-cpp-cmake-template.dir/Unity/unity_9_cxx.cxx.o:/usr/include/c++/15/bits/unordered_map.h:947: more undefined references to `layer::dispatcher' follow
/usr/bin/ld: CMakeFiles/raylib-cpp-cmake-template.dir/Unity/unity_7_cxx.cxx.o: in function `scripting::initLuaMasterState(sol::state&, std::vector<std::__cxx11::basic_string<char, std::char_traits<char>, std::allocator<char> >, std::allocator<std::__cxx11::basic_string<char, std::char_traits<char>, std::allocator<char> > > >, EngineContext*)':
/data/projects/TheGameJamTemplate-testing-automation/src/systems/scripting/scripting_functions.cpp:235:(.text+0x4f710): undefined reference to `layer::exposeToLua(sol::state&, EngineContext*)'
/usr/bin/ld: /data/projects/TheGameJamTemplate-testing-automation/src/systems/scripting/scripting_functions.cpp:285:(.text+0x4f768): undefined reference to `ldtk_loader::exposeToLua(sol::state&)'
/usr/bin/ld: CMakeFiles/raylib-cpp-cmake-template.dir/Unity/unity_7_cxx.cxx.o: in function `layer::layer_order_system::ResetRunningZIndex()':
/data/projects/TheGameJamTemplate-testing-automation/src/systems/scripting/../layer/layer_order_system.hpp:92:(.text._ZN5layer18layer_order_system18ResetRunningZIndexEv[_ZN5layer18layer_order_system18ResetRunningZIndexEv]+0x6): undefined reference to `layer::layer_order_system::newZIndex'
/usr/bin/ld: CMakeFiles/raylib-cpp-cmake-template.dir/Unity/unity_6_cxx.cxx.o: in function `void std::destroy_at<NavMesh::Polygon>(NavMesh::Polygon*)':
/usr/include/c++/15/bits/stl_construct.h:88:(.text+0x2a228): undefined reference to `NavMesh::Polygon::~Polygon()'
/usr/bin/ld: /usr/include/c++/15/bits/stl_construct.h:88:(.text+0x42668): undefined reference to `NavMesh::Polygon::~Polygon()'
/usr/bin/ld: CMakeFiles/raylib-cpp-cmake-template.dir/Unity/unity_6_cxx.cxx.o: in function `PhysicsManager::rebuildNavmeshFor(std::__cxx11::basic_string<char, std::char_traits<char>, std::allocator<char> > const&)':
/data/projects/TheGameJamTemplate-testing-automation/src/systems/physics/physics_manager.hpp:132:(.text+0x42a95): undefined reference to `NavMesh::PathFinder::AddPolygons(std::vector<NavMesh::Polygon, std::allocator<NavMesh::Polygon> > const&, int)'
/usr/bin/ld: CMakeFiles/raylib-cpp-cmake-template.dir/Unity/unity_6_cxx.cxx.o: in function `void std::destroy_at<NavMesh::Polygon>(NavMesh::Polygon*)':
/usr/include/c++/15/bits/stl_construct.h:88:(.text+0x42ab8): undefined reference to `NavMesh::Polygon::~Polygon()'
/usr/bin/ld: CMakeFiles/raylib-cpp-cmake-template.dir/Unity/unity_6_cxx.cxx.o: in function `PhysicsManager::findPath(std::__cxx11::basic_string<char, std::char_traits<char>, std::allocator<char> > const&, NavMesh::Point const&, NavMesh::Point const&)':
/data/projects/TheGameJamTemplate-testing-automation/src/systems/physics/physics_manager.hpp:152:(.text+0x4367c): undefined reference to `NavMesh::PathFinder::AddExternalPoints(std::vector<NavMesh::Point, std::allocator<NavMesh::Point> > const&)'
/usr/bin/ld: /data/projects/TheGameJamTemplate-testing-automation/src/systems/physics/physics_manager.hpp:153:(.text+0x436ad): undefined reference to `NavMesh::PathFinder::GetPath(NavMesh::Point const&, NavMesh::Point const&)'
/usr/bin/ld: /data/projects/TheGameJamTemplate-testing-automation/src/systems/physics/physics_manager.hpp:152:(.text+0x43bf4): undefined reference to `NavMesh::PathFinder::AddExternalPoints(std::vector<NavMesh::Point, std::allocator<NavMesh::Point> > const&)'
/usr/bin/ld: /data/projects/TheGameJamTemplate-testing-automation/src/systems/physics/physics_manager.hpp:153:(.text+0x43c20): undefined reference to `NavMesh::PathFinder::GetPath(NavMesh::Point const&, NavMesh::Point const&)'
/usr/bin/ld: CMakeFiles/raylib-cpp-cmake-template.dir/Unity/unity_6_cxx.cxx.o: in function `void std::destroy_at<NavMesh::Polygon>(NavMesh::Polygon*)':
/usr/include/c++/15/bits/stl_construct.h:88:(.text._ZN7NavMesh10PathFinderD2Ev[_ZN7NavMesh10PathFinderD5Ev]+0x138): undefined reference to `NavMesh::Polygon::~Polygon()'
/usr/bin/ld: /usr/include/c++/15/bits/stl_construct.h:88:(.text._ZN3sol6detail22usertype_alloc_destroyI14PhysicsManagerEEiP9lua_State[_ZN3sol6detail22usertype_alloc_destroyI14PhysicsManagerEEiP9lua_State]+0x198): undefined reference to `NavMesh::Polygon::~Polygon()'
/usr/bin/ld: /usr/include/c++/15/bits/stl_construct.h:88:(.text._ZNSt6vectorIN7NavMesh7PolygonESaIS1_EED2Ev[_ZNSt6vectorIN7NavMesh7PolygonESaIS1_EED5Ev]+0x28): undefined reference to `NavMesh::Polygon::~Polygon()'
/usr/bin/ld: /usr/include/c++/15/bits/stl_construct.h:88:(.text._ZNSt19_UninitDestroyGuardIPN7NavMesh7PolygonEvED2Ev[_ZNSt19_UninitDestroyGuardIPN7NavMesh7PolygonEvED5Ev]+0x38): undefined reference to `NavMesh::Polygon::~Polygon()'
/usr/bin/ld: CMakeFiles/raylib-cpp-cmake-template.dir/Unity/unity_6_cxx.cxx.o: in function `_ZSt12construct_atIN7NavMesh7PolygonEJS1_EQaant20is_unbounded_array_vIT_ErqXgsnwcvPvLi0E_S2_pispcl7declvalIT0_EEEEEPS2_S5_DpOS4_':
/usr/include/c++/15/bits/stl_construct.h:110:(.text._ZNSt6vectorIN7NavMesh7PolygonESaIS1_EE17_M_realloc_appendIJS1_EEEvDpOT_[_ZNSt6vectorIN7NavMesh7PolygonESaIS1_EE17_M_realloc_appendIJS1_EEEvDpOT_]+0x9d): undefined reference to `NavMesh::Polygon::Polygon(NavMesh::Polygon&&)'
/usr/bin/ld: CMakeFiles/raylib-cpp-cmake-template.dir/Unity/unity_6_cxx.cxx.o: in function `void std::_Construct<NavMesh::Polygon, NavMesh::Polygon const&>(NavMesh::Polygon*, NavMesh::Polygon const&)':
/usr/include/c++/15/bits/stl_construct.h:133:(.text._ZNSt6vectorIN7NavMesh7PolygonESaIS1_EE17_M_realloc_appendIJS1_EEEvDpOT_[_ZNSt6vectorIN7NavMesh7PolygonESaIS1_EE17_M_realloc_appendIJS1_EEEvDpOT_]+0xd4): undefined reference to `NavMesh::Polygon::Polygon(NavMesh::Polygon const&)'
/usr/bin/ld: CMakeFiles/raylib-cpp-cmake-template.dir/Unity/unity_6_cxx.cxx.o: in function `void std::destroy_at<NavMesh::Polygon>(NavMesh::Polygon*)':
/usr/include/c++/15/bits/stl_construct.h:88:(.text._ZNSt6vectorIN7NavMesh7PolygonESaIS1_EE17_M_realloc_appendIJS1_EEEvDpOT_[_ZNSt6vectorIN7NavMesh7PolygonESaIS1_EE17_M_realloc_appendIJS1_EEEvDpOT_]+0x108): undefined reference to `NavMesh::Polygon::~Polygon()'
/usr/bin/ld: /usr/include/c++/15/bits/stl_construct.h:88:(.text._ZNSt6vectorIN7NavMesh7PolygonESaIS1_EE17_M_realloc_appendIJS1_EEEvDpOT_[_ZNSt6vectorIN7NavMesh7PolygonESaIS1_EE17_M_realloc_appendIJS1_EEEvDpOT_]+0x17b): undefined reference to `NavMesh::Polygon::~Polygon()'
/usr/bin/ld: CMakeFiles/raylib-cpp-cmake-template.dir/Unity/unity_6_cxx.cxx.o: in function `navmesh_build::add_poly(std::vector<NavMesh::Polygon, std::allocator<NavMesh::Polygon> >&, navmesh_build::Poly const&)':
/data/projects/TheGameJamTemplate-testing-automation/src/third_party/navmesh/source/navmesh_build.hpp:19:(.text._ZN13navmesh_build8add_polyERSt6vectorIN7NavMesh7PolygonESaIS2_EERKNS_4PolyE[_ZN13navmesh_build8add_polyERSt6vectorIN7NavMesh7PolygonESaIS2_EERKNS_4PolyE]+0x5d): undefined reference to `NavMesh::Polygon::Polygon()'
/usr/bin/ld: /data/projects/TheGameJamTemplate-testing-automation/src/third_party/navmesh/source/navmesh_build.hpp:20:(.text._ZN13navmesh_build8add_polyERSt6vectorIN7NavMesh7PolygonESaIS2_EERKNS_4PolyE[_ZN13navmesh_build8add_polyERSt6vectorIN7NavMesh7PolygonESaIS2_EERKNS_4PolyE]+0x79): undefined reference to `NavMesh::Polygon::AddPoint(int, int)'
/usr/bin/ld: CMakeFiles/raylib-cpp-cmake-template.dir/Unity/unity_6_cxx.cxx.o: in function `_ZSt12construct_atIN7NavMesh7PolygonEJS1_EQaant20is_unbounded_array_vIT_ErqXgsnwcvPvLi0E_S2_pispcl7declvalIT0_EEEEEPS2_S5_DpOS4_':
/usr/include/c++/15/bits/stl_construct.h:110:(.text._ZN13navmesh_build8add_polyERSt6vectorIN7NavMesh7PolygonESaIS2_EERKNS_4PolyE[_ZN13navmesh_build8add_polyERSt6vectorIN7NavMesh7PolygonESaIS2_EERKNS_4PolyE]+0x96): undefined reference to `NavMesh::Polygon::Polygon(NavMesh::Polygon&&)'
/usr/bin/ld: CMakeFiles/raylib-cpp-cmake-template.dir/Unity/unity_6_cxx.cxx.o: in function `navmesh_build::add_poly(std::vector<NavMesh::Polygon, std::allocator<NavMesh::Polygon> >&, navmesh_build::Poly const&)':
/data/projects/TheGameJamTemplate-testing-automation/src/third_party/navmesh/source/navmesh_build.hpp:22:(.text._ZN13navmesh_build8add_polyERSt6vectorIN7NavMesh7PolygonESaIS2_EERKNS_4PolyE[_ZN13navmesh_build8add_polyERSt6vectorIN7NavMesh7PolygonESaIS2_EERKNS_4PolyE]+0xa4): undefined reference to `NavMesh::Polygon::~Polygon()'
/usr/bin/ld: /data/projects/TheGameJamTemplate-testing-automation/src/third_party/navmesh/source/navmesh_build.hpp:22:(.text._ZN13navmesh_build8add_polyERSt6vectorIN7NavMesh7PolygonESaIS2_EERKNS_4PolyE[_ZN13navmesh_build8add_polyERSt6vectorIN7NavMesh7PolygonESaIS2_EERKNS_4PolyE]+0xbe): undefined reference to `NavMesh::Polygon::~Polygon()'
/usr/bin/ld: CMakeFiles/raylib-cpp-cmake-template.dir/Unity/unity_6_cxx.cxx.o: in function `PhysicsManager::visionFan(std::__cxx11::basic_string<char, std::char_traits<char>, std::allocator<char> > const&, NavMesh::Point const&, float)':
/data/projects/TheGameJamTemplate-testing-automation/src/systems/physics/physics_manager.hpp:181:(.text._ZN14PhysicsManager9visionFanERKNSt7__cxx1112basic_stringIcSt11char_traitsIcESaIcEEERKN7NavMesh5PointEf[_ZN14PhysicsManager9visionFanERKNSt7__cxx1112basic_stringIcSt11char_traitsIcESaIcEEERKN7NavMesh5PointEf]+0x27c): undefined reference to `NavMesh::ConeOfVision::AddPolygons(std::vector<NavMesh::Polygon, std::allocator<NavMesh::Polygon> > const&)'
/usr/bin/ld: /data/projects/TheGameJamTemplate-testing-automation/src/systems/physics/physics_manager.hpp:182:(.text._ZN14PhysicsManager9visionFanERKNSt7__cxx1112basic_stringIcSt11char_traitsIcESaIcEEERKN7NavMesh5PointEf[_ZN14PhysicsManager9visionFanERKNSt7__cxx1112basic_stringIcSt11char_traitsIcESaIcEEERKN7NavMesh5PointEf]+0x2a6): undefined reference to `NavMesh::ConeOfVision::GetVision(NavMesh::Point const&, int, int, int, int)'
/usr/bin/ld: CMakeFiles/raylib-cpp-cmake-template.dir/Unity/unity_6_cxx.cxx.o: in function `void std::destroy_at<NavMesh::Polygon>(NavMesh::Polygon*)':
/usr/include/c++/15/bits/stl_construct.h:88:(.text._ZN14PhysicsManager9visionFanERKNSt7__cxx1112basic_stringIcSt11char_traitsIcESaIcEEERKN7NavMesh5PointEf[_ZN14PhysicsManager9visionFanERKNSt7__cxx1112basic_stringIcSt11char_traitsIcESaIcEEERKN7NavMesh5PointEf]+0x2c8): undefined reference to `NavMesh::Polygon::~Polygon()'
/usr/bin/ld: /usr/include/c++/15/bits/stl_construct.h:88:(.text._ZN14PhysicsManager9visionFanERKNSt7__cxx1112basic_stringIcSt11char_traitsIcESaIcEEERKN7NavMesh5PointEf[_ZN14PhysicsManager9visionFanERKNSt7__cxx1112basic_stringIcSt11char_traitsIcESaIcEEERKN7NavMesh5PointEf]+0x308): undefined reference to `NavMesh::Polygon::~Polygon()'
/usr/bin/ld: CMakeFiles/raylib-cpp-cmake-template.dir/Unity/unity_1_cxx.cxx.o: in function `ChipmunkSpace::addPostStepCallback(void*, void (*)(cpSpace*, void*, void*), void*, void*)':
/data/projects/TheGameJamTemplate-testing-automation/src/systems/chipmunk_objectivec/ChipmunkSpace.cpp:218:(.text+0x99e2): undefined reference to `cpSpaceGetPostStepCallback(cpSpace*, void*)'
/usr/bin/ld: CMakeFiles/raylib-cpp-cmake-template.dir/Unity/unity_1_cxx.cxx.o: in function `ChipmunkSpace::addPostStepBlock(std::function<void ()> const&, void*)':
/data/projects/TheGameJamTemplate-testing-automation/src/systems/chipmunk_objectivec/ChipmunkSpace.cpp:226:(.text+0x9a3f): undefined reference to `cpSpaceGetPostStepCallback(cpSpace*, void*)'
/usr/bin/ld: CMakeFiles/raylib-cpp-cmake-template.dir/Unity/unity_1_cxx.cxx.o: in function `ChipmunkSpace::addPostStepCallback(void*, void (*)(cpSpace*, void*, void*), void*, void*)':
/data/projects/TheGameJamTemplate-testing-automation/src/systems/chipmunk_objectivec/ChipmunkSpace.cpp:218:(.text+0x9ae9): undefined reference to `cpSpaceGetPostStepCallback(cpSpace*, void*)'
/usr/bin/ld: /data/projects/TheGameJamTemplate-testing-automation/src/systems/chipmunk_objectivec/ChipmunkSpace.cpp:218:(.text+0x9b39): undefined reference to `cpSpaceGetPostStepCallback(cpSpace*, void*)'
/usr/bin/ld: /data/projects/TheGameJamTemplate-testing-automation/src/systems/chipmunk_objectivec/ChipmunkSpace.cpp:218:(.text+0xb6d6): undefined reference to `cpSpaceGetPostStepCallback(cpSpace*, void*)'
/usr/bin/ld: CMakeFiles/raylib-cpp-cmake-template.dir/Unity/unity_1_cxx.cxx.o:/data/projects/TheGameJamTemplate-testing-automation/src/systems/chipmunk_objectivec/ChipmunkSpace.cpp:218: more undefined references to `cpSpaceGetPostStepCallback(cpSpace*, void*)' follow
/usr/bin/ld: CMakeFiles/raylib-cpp-cmake-template.dir/Unity/unity_1_cxx.cxx.o: in function `ChipmunkSpace::ChipmunkSpace()':
/data/projects/TheGameJamTemplate-testing-automation/src/systems/chipmunk_objectivec/ChipmunkSpace.cpp:43:(.text+0xc233): undefined reference to `cpSpaceSetStaticBody(cpSpace*, cpBody*)'
/usr/bin/ld: CMakeFiles/raylib-cpp-cmake-template.dir/Unity/unity_1_cxx.cxx.o: in function `ChipmunkHastySpace::ChipmunkHastySpace()':
/data/projects/TheGameJamTemplate-testing-automation/src/systems/chipmunk_objectivec/ChipmunkSpace.cpp:342:(.text+0xc313): undefined reference to `cpSpaceSetStaticBody(cpSpace*, cpBody*)'
/usr/bin/ld: CMakeFiles/raylib-cpp-cmake-template.dir/Unity/unity_0_cxx.cxx.o: in function `void std::destroy_at<NavMesh::Polygon>(NavMesh::Polygon*)':
/usr/include/c++/15/bits/stl_construct.h:88:(.text+0x3d48): undefined reference to `NavMesh::Polygon::~Polygon()'
/usr/bin/ld: CMakeFiles/raylib-cpp-cmake-template.dir/Unity/unity_0_cxx.cxx.o: in function `game::DrawHollowCircleStencil(Vector2, float, float, Color)':
/data/projects/TheGameJamTemplate-testing-automation/src/core/game.cpp:1950:(.text+0x1cc0d): undefined reference to `layer::beginStencil()'
/usr/bin/ld: /data/projects/TheGameJamTemplate-testing-automation/src/core/game.cpp:1953:(.text+0x1cc12): undefined reference to `layer::beginStencilMask()'
/usr/bin/ld: /data/projects/TheGameJamTemplate-testing-automation/src/core/game.cpp:1970:(.text+0x1cc9b): undefined reference to `layer::endStencilMask()'
/usr/bin/ld: CMakeFiles/raylib-cpp-cmake-template.dir/Unity/unity_0_cxx.cxx.o: in function `init::startInitAsync(int)':
/data/projects/TheGameJamTemplate-testing-automation/src/core/init.cpp:1109:(.text+0x1ebbc): undefined reference to `loading_screen::initExecutor(int)'
/usr/bin/ld: CMakeFiles/raylib-cpp-cmake-template.dir/Unity/unity_0_cxx.cxx.o: in function `gui::initConsole()::{lambda(int)#1}::operator()(int) const [clone .isra.0]':
/data/projects/TheGameJamTemplate-testing-automation/src/core/gui.cpp:397:(.text+0x26767): undefined reference to `ImGuiConsole::System()'
/usr/bin/ld: CMakeFiles/raylib-cpp-cmake-template.dir/Unity/unity_0_cxx.cxx.o: in function `std::_Function_handler<void (), gui::initConsole()::{lambda()#1}>::_M_invoke(std::_Any_data const&)':
/data/projects/TheGameJamTemplate-testing-automation/src/core/gui.cpp:131:(.text+0x26db1): undefined reference to `ImGuiConsole::System()'
/usr/bin/ld: CMakeFiles/raylib-cpp-cmake-template.dir/Unity/unity_0_cxx.cxx.o: in function `std::_Function_handler<void (csys::String), gui::initConsole()::{lambda(std::__cxx11::basic_string<char, std::char_traits<char>, std::allocator<char> > const&)#1}>::_M_invoke(std::_Any_data const&, csys::String&&)':
/data/projects/TheGameJamTemplate-testing-automation/src/core/gui.cpp:118:(.text+0x27313): undefined reference to `ImGuiConsole::System()'
/usr/bin/ld: CMakeFiles/raylib-cpp-cmake-template.dir/Unity/unity_0_cxx.cxx.o: in function `gui::initConsole()::{lambda()#2}::operator()() const [clone .isra.0]':
/data/projects/TheGameJamTemplate-testing-automation/src/core/gui.cpp:382:(.text+0x279a0): undefined reference to `ImGuiConsole::System()'
/usr/bin/ld: CMakeFiles/raylib-cpp-cmake-template.dir/Unity/unity_0_cxx.cxx.o: in function `gui::initConsole()::{lambda(std::__cxx11::basic_string<char, std::char_traits<char>, std::allocator<char> > const&, std::__cxx11::basic_string<char, std::char_traits<char>, std::allocator<char> > const&)#1}::operator()(std::__cxx11::basic_string<char, std::char_traits<char>, std::allocator<char> > const&, std::__cxx11::basic_string<char, std::char_traits<char>, std::allocator<char> > const&) const [clone .isra.0]':
/data/projects/TheGameJamTemplate-testing-automation/src/core/gui.cpp:330:(.text+0x2803b): undefined reference to `ImGuiConsole::System()'
/usr/bin/ld: CMakeFiles/raylib-cpp-cmake-template.dir/Unity/unity_0_cxx.cxx.o:/data/projects/TheGameJamTemplate-testing-automation/src/core/gui.cpp:323: more undefined references to `ImGuiConsole::System()' follow
/usr/bin/ld: CMakeFiles/raylib-cpp-cmake-template.dir/Unity/unity_0_cxx.cxx.o: in function `game::unload()':
/data/projects/TheGameJamTemplate-testing-automation/src/core/game.cpp:2396:(.text+0x3b906): undefined reference to `layer::UnloadAllLayers()'
/usr/bin/ld: CMakeFiles/raylib-cpp-cmake-template.dir/Unity/unity_0_cxx.cxx.o: in function `updateSystems(float)':
/data/projects/TheGameJamTemplate-testing-automation/src/main.cpp:723:(.text+0x44691): undefined reference to `layer::Begin()'
/usr/bin/ld: CMakeFiles/raylib-cpp-cmake-template.dir/Unity/unity_0_cxx.cxx.o: in function `std::__detail::_MakeUniq<ImGuiConsole>::__single_object std::make_unique<ImGuiConsole, char const (&) [18]>(char const (&) [18])':
/usr/include/c++/15/bits/unique_ptr.h:1084:(.text+0x44ac6): undefined reference to `ImGuiConsole::ImGuiConsole(std::__cxx11::basic_string<char, std::char_traits<char>, std::allocator<char> >, unsigned long)'
/usr/bin/ld: CMakeFiles/raylib-cpp-cmake-template.dir/Unity/unity_0_cxx.cxx.o: in function `gui::initConsole()':
/data/projects/TheGameJamTemplate-testing-automation/src/core/gui.cpp:84:(.text+0x44c7e): undefined reference to `ImGuiConsole::System()'
/usr/bin/ld: /data/projects/TheGameJamTemplate-testing-automation/src/core/gui.cpp:87:(.text+0x44cea): undefined reference to `ImGuiConsole::System()'
/usr/bin/ld: CMakeFiles/raylib-cpp-cmake-template.dir/Unity/unity_0_cxx.cxx.o: in function `void std::_Construct<csys_console_sink<std::mutex>, csys::System&>(csys_console_sink<std::mutex>*, csys::System&)':
/usr/include/c++/15/bits/stl_construct.h:133:(.text+0x44d23): undefined reference to `csys_console_sink<std::mutex>::csys_console_sink(csys::System&)'
/usr/bin/ld: CMakeFiles/raylib-cpp-cmake-template.dir/Unity/unity_0_cxx.cxx.o: in function `gui::initConsole()':
/data/projects/TheGameJamTemplate-testing-automation/src/core/gui.cpp:113:(.text+0x44fca): undefined reference to `ImGuiConsole::System()'
/usr/bin/ld: /data/projects/TheGameJamTemplate-testing-automation/src/core/gui.cpp:128:(.text+0x45152): undefined reference to `ImGuiConsole::System()'
/usr/bin/ld: /data/projects/TheGameJamTemplate-testing-automation/src/core/gui.cpp:307:(.text+0x457ab): undefined reference to `ImGuiConsole::System()'
/usr/bin/ld: /data/projects/TheGameJamTemplate-testing-automation/src/core/gui.cpp:341:(.text+0x45a4d): undefined reference to `ImGuiConsole::System()'
/usr/bin/ld: /data/projects/TheGameJamTemplate-testing-automation/src/core/gui.cpp:373:(.text+0x45cb5): undefined reference to `ImGuiConsole::System()'
/usr/bin/ld: CMakeFiles/raylib-cpp-cmake-template.dir/Unity/unity_0_cxx.cxx.o:/data/projects/TheGameJamTemplate-testing-automation/src/core/gui.cpp:390: more undefined references to `ImGuiConsole::System()' follow
/usr/bin/ld: CMakeFiles/raylib-cpp-cmake-template.dir/Unity/unity_0_cxx.cxx.o: in function `init::startInitAsync(int)::{lambda()#1}::operator()() const [clone .isra.0]':
/data/projects/TheGameJamTemplate-testing-automation/src/core/init.cpp:1119:(.text+0x4a395): undefined reference to `loading_screen::setStage(int, int, std::__cxx11::basic_string<char, std::char_traits<char>, std::allocator<char> > const&)'
/usr/bin/ld: /data/projects/TheGameJamTemplate-testing-automation/src/core/init.cpp:1119:(.text+0x4a47b): undefined reference to `loading_screen::setStage(int, int, std::__cxx11::basic_string<char, std::char_traits<char>, std::allocator<char> > const&)'
/usr/bin/ld: /data/projects/TheGameJamTemplate-testing-automation/src/core/init.cpp:1119:(.text+0x4a539): undefined reference to `loading_screen::setStage(int, int, std::__cxx11::basic_string<char, std::char_traits<char>, std::allocator<char> > const&)'
/usr/bin/ld: /data/projects/TheGameJamTemplate-testing-automation/src/core/init.cpp:1119:(.text+0x4a776): undefined reference to `loading_screen::setStage(int, int, std::__cxx11::basic_string<char, std::char_traits<char>, std::allocator<char> > const&)'
/usr/bin/ld: /data/projects/TheGameJamTemplate-testing-automation/src/core/init.cpp:1148:(.text+0x4a8b1): undefined reference to `loading_screen::waitForCompletion()'
/usr/bin/ld: /data/projects/TheGameJamTemplate-testing-automation/src/core/init.cpp:1149:(.text+0x4a8b6): undefined reference to `loading_screen::setComplete()'
/usr/bin/ld: CMakeFiles/raylib-cpp-cmake-template.dir/Unity/unity_0_cxx.cxx.o: in function `game::init()':
/data/projects/TheGameJamTemplate-testing-automation/src/core/game.cpp:1235:(.text+0x7a1b6): undefined reference to `layer::CreateLayerWithSize(int, int)'
/usr/bin/ld: /data/projects/TheGameJamTemplate-testing-automation/src/core/game.cpp:1236:(.text+0x7a23e): undefined reference to `layer::CreateLayerWithSize(int, int)'
/usr/bin/ld: /data/projects/TheGameJamTemplate-testing-automation/src/core/game.cpp:1237:(.text+0x7a2c6): undefined reference to `layer::CreateLayerWithSize(int, int)'
/usr/bin/ld: /data/projects/TheGameJamTemplate-testing-automation/src/core/game.cpp:1238:(.text+0x7a34e): undefined reference to `layer::CreateLayerWithSize(int, int)'
/usr/bin/ld: /data/projects/TheGameJamTemplate-testing-automation/src/core/game.cpp:1244:(.text+0x7a51c): undefined reference to `layer::AddCanvasToLayer(std::shared_ptr<layer::Layer>, std::__cxx11::basic_string<char, std::char_traits<char>, std::allocator<char> > const&, int, int)'
/usr/bin/ld: CMakeFiles/raylib-cpp-cmake-template.dir/Unity/unity_0_cxx.cxx.o: in function `game::reInitializeGame()':
/data/projects/TheGameJamTemplate-testing-automation/src/core/game.cpp:532:(.text+0x7bae6): undefined reference to `layer::UnloadAllLayers()'
/usr/bin/ld: CMakeFiles/raylib-cpp-cmake-template.dir/Unity/unity_0_cxx.cxx.o: in function `layer::render_stack_switch_internal::ForceClear(char const*)':
/data/projects/TheGameJamTemplate-testing-automation/src/systems/layer/layer.hpp:130:(.text+0x7baf9): undefined reference to `layer::render_stack_switch_internal::renderStack'
/usr/bin/ld: /data/projects/TheGameJamTemplate-testing-automation/src/systems/layer/layer.hpp:130:(.text+0x7bb00): undefined reference to `layer::render_stack_switch_internal::renderStack'
/usr/bin/ld: CMakeFiles/raylib-cpp-cmake-template.dir/Unity/unity_0_cxx.cxx.o: in function `std::operator-(std::_Deque_iterator<RenderTexture, RenderTexture&, RenderTexture*> const&, std::_Deque_iterator<RenderTexture, RenderTexture&, RenderTexture*> const&)':
/usr/include/c++/15/bits/stl_deque.h:376:(.text+0x7bb12): undefined reference to `layer::render_stack_switch_internal::renderStack'
/usr/bin/ld: /usr/include/c++/15/bits/stl_deque.h:376:(.text+0x7bb41): undefined reference to `layer::render_stack_switch_internal::renderStack'
/usr/bin/ld: /usr/include/c++/15/bits/stl_deque.h:377:(.text+0x7bb60): undefined reference to `layer::render_stack_switch_internal::renderStack'
/usr/bin/ld: CMakeFiles/raylib-cpp-cmake-template.dir/Unity/unity_0_cxx.cxx.o:/usr/include/c++/15/bits/stl_deque.h:377: more undefined references to `layer::render_stack_switch_internal::renderStack' follow
/usr/bin/ld: CMakeFiles/raylib-cpp-cmake-template.dir/Unity/unity_0_cxx.cxx.o: in function `game::draw(float)':
/data/projects/TheGameJamTemplate-testing-automation/src/core/game.cpp:2173:(.text+0x7d5f1): undefined reference to `ldtk_loader::internal_loader::hasActiveProject'
/usr/bin/ld: /data/projects/TheGameJamTemplate-testing-automation/src/core/game.cpp:2173:(.text+0x7d5ff): undefined reference to `ldtk_loader::internal_loader::activeLevel[abi:cxx11]'
/usr/bin/ld: CMakeFiles/raylib-cpp-cmake-template.dir/Unity/unity_0_cxx.cxx.o: in function `ldtk_loader::DrawAllLayers(std::shared_ptr<layer::Layer>, std::__cxx11::basic_string<char, std::char_traits<char>, std::allocator<char> > const&, float, int, Rectangle const*)':
/data/projects/TheGameJamTemplate-testing-automation/src/systems/ldtk_loader/ldtk_combined.hpp:440:(.text+0x7d696): undefined reference to `ldtk_loader::internal_loader::project'
/usr/bin/ld: /data/projects/TheGameJamTemplate-testing-automation/src/systems/ldtk_loader/ldtk_combined.hpp:440:(.text+0x7d69b): undefined reference to `ldtk::Project::getWorld() const'
/usr/bin/ld: /data/projects/TheGameJamTemplate-testing-automation/src/systems/ldtk_loader/ldtk_combined.hpp:441:(.text+0x7d6a2): undefined reference to `ldtk_loader::internal_loader::activeLevel[abi:cxx11]'
/usr/bin/ld: /data/projects/TheGameJamTemplate-testing-automation/src/systems/ldtk_loader/ldtk_combined.hpp:441:(.text+0x7d6aa): undefined reference to `ldtk::World::getLevel(std::__cxx11::basic_string<char, std::char_traits<char>, std::allocator<char> > const&) const'
/usr/bin/ld: /data/projects/TheGameJamTemplate-testing-automation/src/systems/ldtk_loader/ldtk_combined.hpp:446:(.text+0x7d72c): undefined reference to `ldtk::Level::allLayers() const'
/usr/bin/ld: /data/projects/TheGameJamTemplate-testing-automation/src/systems/ldtk_loader/ldtk_combined.hpp:446:(.text+0x7d73c): undefined reference to `ldtk::Level::allLayers() const'
/usr/bin/ld: /data/projects/TheGameJamTemplate-testing-automation/src/systems/ldtk_loader/ldtk_combined.hpp:453:(.text+0x7d754): undefined reference to `ldtk::Layer::getName[abi:cxx11]() const'
/usr/bin/ld: CMakeFiles/raylib-cpp-cmake-template.dir/Unity/unity_0_cxx.cxx.o: in function `ldtk_loader::DrawLayer(std::shared_ptr<layer::Layer>, std::__cxx11::basic_string<char, std::char_traits<char>, std::allocator<char> > const&, std::__cxx11::basic_string<char, std::char_traits<char>, std::allocator<char> > const&, float, int, Rectangle const*)':
/data/projects/TheGameJamTemplate-testing-automation/src/systems/ldtk_loader/ldtk_combined.hpp:369:(.text+0x7d772): undefined reference to `ldtk_loader::internal_loader::project'
/usr/bin/ld: /data/projects/TheGameJamTemplate-testing-automation/src/systems/ldtk_loader/ldtk_combined.hpp:369:(.text+0x7d777): undefined reference to `ldtk::Project::getWorld() const'
/usr/bin/ld: /data/projects/TheGameJamTemplate-testing-automation/src/systems/ldtk_loader/ldtk_combined.hpp:370:(.text+0x7d77e): undefined reference to `ldtk_loader::internal_loader::activeLevel[abi:cxx11]'
/usr/bin/ld: /data/projects/TheGameJamTemplate-testing-automation/src/systems/ldtk_loader/ldtk_combined.hpp:370:(.text+0x7d786): undefined reference to `ldtk::World::getLevel(std::__cxx11::basic_string<char, std::char_traits<char>, std::allocator<char> > const&) const'
/usr/bin/ld: /data/projects/TheGameJamTemplate-testing-automation/src/systems/ldtk_loader/ldtk_combined.hpp:371:(.text+0x7d791): undefined reference to `ldtk::Level::getLayer(std::__cxx11::basic_string<char, std::char_traits<char>, std::allocator<char> > const&) const'
/usr/bin/ld: /data/projects/TheGameJamTemplate-testing-automation/src/systems/ldtk_loader/ldtk_combined.hpp:373:(.text+0x7d79c): undefined reference to `ldtk::Layer::hasTileset() const'
/usr/bin/ld: /data/projects/TheGameJamTemplate-testing-automation/src/systems/ldtk_loader/ldtk_combined.hpp:375:(.text+0x7d7ac): undefined reference to `ldtk::Layer::getTileset() const'
/usr/bin/ld: CMakeFiles/raylib-cpp-cmake-template.dir/Unity/unity_0_cxx.cxx.o: in function `std::__cxx11::basic_string<char, std::char_traits<char>, std::allocator<char> >::empty() const':
/usr/include/c++/15/bits/basic_string.h:1332:(.text+0x7d7dc): undefined reference to `ldtk_loader::internal_loader::assetDirectory[abi:cxx11]'
/usr/bin/ld: CMakeFiles/raylib-cpp-cmake-template.dir/Unity/unity_0_cxx.cxx.o: in function `std::_Hashtable<std::__cxx11::basic_string<char, std::char_traits<char>, std::allocator<char> >, std::pair<std::__cxx11::basic_string<char, std::char_traits<char>, std::allocator<char> > const, ldtk_loader::internal_loader::TilesetData>, std::allocator<std::pair<std::__cxx11::basic_string<char, std::char_traits<char>, std::allocator<char> > const, ldtk_loader::internal_loader::TilesetData> >, std::__detail::_Select1st, std::equal_to<std::__cxx11::basic_string<char, std::char_traits<char>, std::allocator<char> > >, std::hash<std::__cxx11::basic_string<char, std::char_traits<char>, std::allocator<char> > >, std::__detail::_Mod_range_hashing, std::__detail::_Default_ranged_hash, std::__detail::_Prime_rehash_policy, std::__detail::_Hashtable_traits<true, false, true> >::_M_locate(std::__cxx11::basic_string<char, std::char_traits<char>, std::allocator<char> > const&) const':
/usr/include/c++/15/bits/hashtable.h:2266:(.text+0x7d81b): undefined reference to `ldtk_loader::internal_loader::tilesetCache[abi:cxx11]'
/usr/bin/ld: CMakeFiles/raylib-cpp-cmake-template.dir/Unity/unity_0_cxx.cxx.o: in function `std::_Hashtable<std::__cxx11::basic_string<char, std::char_traits<char>, std::allocator<char> >, std::pair<std::__cxx11::basic_string<char, std::char_traits<char>, std::allocator<char> > const, ldtk_loader::internal_loader::TilesetData>, std::allocator<std::pair<std::__cxx11::basic_string<char, std::char_traits<char>, std::allocator<char> > const, ldtk_loader::internal_loader::TilesetData> >, std::__detail::_Select1st, std::equal_to<std::__cxx11::basic_string<char, std::char_traits<char>, std::allocator<char> > >, std::hash<std::__cxx11::basic_string<char, std::char_traits<char>, std::allocator<char> > >, std::__detail::_Mod_range_hashing, std::__detail::_Default_ranged_hash, std::__detail::_Prime_rehash_policy, std::__detail::_Hashtable_traits<true, false, true> >::_M_bucket_index(unsigned long) const':
/usr/include/c++/15/bits/hashtable.h:811:(.text+0x7d841): undefined reference to `ldtk_loader::internal_loader::tilesetCache[abi:cxx11]'
/usr/bin/ld: CMakeFiles/raylib-cpp-cmake-template.dir/Unity/unity_0_cxx.cxx.o: in function `std::_Hashtable<std::__cxx11::basic_string<char, std::char_traits<char>, std::allocator<char> >, std::pair<std::__cxx11::basic_string<char, std::char_traits<char>, std::allocator<char> > const, ldtk_loader::internal_loader::TilesetData>, std::allocator<std::pair<std::__cxx11::basic_string<char, std::char_traits<char>, std::allocator<char> > const, ldtk_loader::internal_loader::TilesetData> >, std::__detail::_Select1st, std::equal_to<std::__cxx11::basic_string<char, std::char_traits<char>, std::allocator<char> > >, std::hash<std::__cxx11::basic_string<char, std::char_traits<char>, std::allocator<char> > >, std::__detail::_Mod_range_hashing, std::__detail::_Default_ranged_hash, std::__detail::_Prime_rehash_policy, std::__detail::_Hashtable_traits<true, false, true> >::_M_locate(std::__cxx11::basic_string<char, std::char_traits<char>, std::allocator<char> > const&) const':
/usr/include/c++/15/bits/hashtable.h:2283:(.text+0x7d854): undefined reference to `ldtk_loader::internal_loader::tilesetCache[abi:cxx11]'
/usr/bin/ld: CMakeFiles/raylib-cpp-cmake-template.dir/Unity/unity_0_cxx.cxx.o: in function `std::unordered_map<std::__cxx11::basic_string<char, std::char_traits<char>, std::allocator<char> >, ldtk_loader::internal_loader::TilesetData, std::hash<std::__cxx11::basic_string<char, std::char_traits<char>, std::allocator<char> > >, std::equal_to<std::__cxx11::basic_string<char, std::char_traits<char>, std::allocator<char> > >, std::allocator<std::pair<std::__cxx11::basic_string<char, std::char_traits<char>, std::allocator<char> > const, ldtk_loader::internal_loader::TilesetData> > >::operator[](std::__cxx11::basic_string<char, std::char_traits<char>, std::allocator<char> > const&)':
/usr/include/c++/15/bits/unordered_map.h:1058:(.text+0x7d881): undefined reference to `ldtk_loader::internal_loader::tilesetCache[abi:cxx11]'
/usr/bin/ld: CMakeFiles/raylib-cpp-cmake-template.dir/Unity/unity_0_cxx.cxx.o: in function `ldtk_loader::DrawLayer(std::shared_ptr<layer::Layer>, std::__cxx11::basic_string<char, std::char_traits<char>, std::allocator<char> > const&, std::__cxx11::basic_string<char, std::char_traits<char>, std::allocator<char> > const&, float, int, Rectangle const*)':
/data/projects/TheGameJamTemplate-testing-automation/src/systems/ldtk_loader/ldtk_combined.hpp:390:(.text+0x7d891): undefined reference to `ldtk::Layer::allTiles() const'
/usr/bin/ld: /data/projects/TheGameJamTemplate-testing-automation/src/systems/ldtk_loader/ldtk_combined.hpp:391:(.text+0x7d9f5): undefined reference to `ldtk::Tile::getPosition() const'
/usr/bin/ld: /data/projects/TheGameJamTemplate-testing-automation/src/systems/ldtk_loader/ldtk_combined.hpp:392:(.text+0x7da04): undefined reference to `ldtk::Tile::getTextureRect() const'
/usr/bin/ld: /data/projects/TheGameJamTemplate-testing-automation/src/systems/ldtk_loader/ldtk_combined.hpp:406:(.text+0x7db12): undefined reference to `ldtk::Layer::getOpacity() const'
/usr/bin/ld: CMakeFiles/raylib-cpp-cmake-template.dir/Unity/unity_0_cxx.cxx.o: in function `game::draw(float)':
/data/projects/TheGameJamTemplate-testing-automation/src/core/game.cpp:2190:(.text+0x7ddc8): undefined reference to `layer::DrawLayerCommandsToSpecificCanvasApplyAllShaders(std::shared_ptr<layer::Layer>, std::__cxx11::basic_string<char, std::char_traits<char>, std::allocator<char> > const&, Camera2D*)'
/usr/bin/ld: /data/projects/TheGameJamTemplate-testing-automation/src/core/game.cpp:2200:(.text+0x7def3): undefined reference to `layer::DrawLayerCommandsToSpecificCanvasApplyAllShaders(std::shared_ptr<layer::Layer>, std::__cxx11::basic_string<char, std::char_traits<char>, std::allocator<char> > const&, Camera2D*)'
/usr/bin/ld: /data/projects/TheGameJamTemplate-testing-automation/src/core/game.cpp:2208:(.text+0x7e020): undefined reference to `layer::DrawLayerCommandsToSpecificCanvasApplyAllShaders(std::shared_ptr<layer::Layer>, std::__cxx11::basic_string<char, std::char_traits<char>, std::allocator<char> > const&, Camera2D*)'
/usr/bin/ld: /data/projects/TheGameJamTemplate-testing-automation/src/core/game.cpp:2279:(.text+0x7e362): undefined reference to `layer::DrawCanvasToCurrentRenderTargetWithTransform(std::shared_ptr<layer::Layer>, std::__cxx11::basic_string<char, std::char_traits<char>, std::allocator<char> > const&, float, float, float, float, float, Color const&, std::__cxx11::basic_string<char, std::char_traits<char>, std::allocator<char> >, bool)'
/usr/bin/ld: /data/projects/TheGameJamTemplate-testing-automation/src/core/game.cpp:2293:(.text+0x7e38e): undefined reference to `layer::render_stack_switch_internal::renderStack'
/usr/bin/ld: /data/projects/TheGameJamTemplate-testing-automation/src/core/game.cpp:2293:(.text+0x7e395): undefined reference to `layer::render_stack_switch_internal::renderStack'
/usr/bin/ld: CMakeFiles/raylib-cpp-cmake-template.dir/Unity/unity_0_cxx.cxx.o: in function `std::_Hashtable<std::__cxx11::basic_string<char, std::char_traits<char>, std::allocator<char> >, std::pair<std::__cxx11::basic_string<char, std::char_traits<char>, std::allocator<char> > const, ldtk_loader::internal_loader::TilesetData>, std::allocator<std::pair<std::__cxx11::basic_string<char, std::char_traits<char>, std::allocator<char> > const, ldtk_loader::internal_loader::TilesetData> >, std::__detail::_Select1st, std::equal_to<std::__cxx11::basic_string<char, std::char_traits<char>, std::allocator<char> > >, std::hash<std::__cxx11::basic_string<char, std::char_traits<char>, std::allocator<char> > >, std::__detail::_Mod_range_hashing, std::__detail::_Default_ranged_hash, std::__detail::_Prime_rehash_policy, std::__detail::_Hashtable_traits<true, false, true> >::_M_locate(std::__cxx11::basic_string<char, std::char_traits<char>, std::allocator<char> > const&) const':
/usr/include/c++/15/bits/hashtable.h:2270:(.text+0x7ea7b): undefined reference to `ldtk_loader::internal_loader::tilesetCache[abi:cxx11]'
/usr/bin/ld: CMakeFiles/raylib-cpp-cmake-template.dir/Unity/unity_0_cxx.cxx.o: in function `std::__cxx11::basic_string<char, std::char_traits<char>, std::allocator<char> >::_M_data() const':
/usr/include/c++/15/bits/basic_string.h:239:(.text+0x7ea95): undefined reference to `ldtk_loader::internal_loader::tilesetCache[abi:cxx11]'
/usr/bin/ld: CMakeFiles/raylib-cpp-cmake-template.dir/Unity/unity_0_cxx.cxx.o: in function `std::unordered_map<std::__cxx11::basic_string<char, std::char_traits<char>, std::allocator<char> >, ldtk_loader::internal_loader::TilesetData, std::hash<std::__cxx11::basic_string<char, std::char_traits<char>, std::allocator<char> > >, std::equal_to<std::__cxx11::basic_string<char, std::char_traits<char>, std::allocator<char> > >, std::allocator<std::pair<std::__cxx11::basic_string<char, std::char_traits<char>, std::allocator<char> > const, ldtk_loader::internal_loader::TilesetData> > >::operator[](std::__cxx11::basic_string<char, std::char_traits<char>, std::allocator<char> > const&)':
/usr/include/c++/15/bits/unordered_map.h:1058:(.text+0x7eb4b): undefined reference to `ldtk_loader::internal_loader::tilesetCache[abi:cxx11]'
/usr/bin/ld: CMakeFiles/raylib-cpp-cmake-template.dir/Unity/unity_0_cxx.cxx.o: in function `ldtk_loader::DrawLayer(std::shared_ptr<layer::Layer>, std::__cxx11::basic_string<char, std::char_traits<char>, std::allocator<char> > const&, std::__cxx11::basic_string<char, std::char_traits<char>, std::allocator<char> > const&, float, int, Rectangle const*)':
/data/projects/TheGameJamTemplate-testing-automation/src/systems/ldtk_loader/ldtk_combined.hpp:378:(.text+0x7eb8b): undefined reference to `ldtk_loader::internal_loader::assetDirectory[abi:cxx11]'
/usr/bin/ld: CMakeFiles/raylib-cpp-cmake-template.dir/Unity/unity_0_cxx.cxx.o: in function `loadingScreenStateGameLoopRender(float)':
/data/projects/TheGameJamTemplate-testing-automation/src/main.cpp:200:(.text+0x7f10c): undefined reference to `loading_screen::render(float)'
/usr/bin/ld: CMakeFiles/raylib-cpp-cmake-template.dir/Unity/unity_0_cxx.cxx.o: in function `RunGameLoop()':
/data/projects/TheGameJamTemplate-testing-automation/src/main.cpp:350:(.text+0x7f44f): undefined reference to `goap_debug::toggle()'
/usr/bin/ld: /data/projects/TheGameJamTemplate-testing-automation/src/main.cpp:463:(.text+0x7f796): undefined reference to `goap_debug::render()'
/usr/bin/ld: /data/projects/TheGameJamTemplate-testing-automation/src/main.cpp:468:(.text+0x7f7cb): undefined reference to `ImGuiConsole::Draw()'
/usr/bin/ld: CMakeFiles/raylib-cpp-cmake-template.dir/Unity/unity_0_cxx.cxx.o: in function `loadingScreenStateGameLoopRender(float)':
/data/projects/TheGameJamTemplate-testing-automation/src/main.cpp:200:(.text+0x1b275): undefined reference to `loading_screen::render(float)'
/usr/bin/ld: CMakeFiles/raylib-cpp-cmake-template.dir/Unity/unity_0_cxx.cxx.o: in function `game::DrawHollowCircleStencil(Vector2, float, float, Color)':
/data/projects/TheGameJamTemplate-testing-automation/src/core/game.cpp:1975:(.text+0x1ccc0): undefined reference to `layer::endStencil()'
/usr/bin/ld: CMakeFiles/raylib-cpp-cmake-template.dir/Unity/unity_0_cxx.cxx.o: in function `gui::initConsole()::{lambda(int)#1}::operator()(int) const [clone .isra.0]':
/data/projects/TheGameJamTemplate-testing-automation/src/core/gui.cpp:399:(.text.unlikely+0x15ce): undefined reference to `ImGuiConsole::System()'
/usr/bin/ld: CMakeFiles/raylib-cpp-cmake-template.dir/Unity/unity_0_cxx.cxx.o: in function `operator()':
/data/projects/TheGameJamTemplate-testing-automation/src/core/gui.cpp:125:(.text.unlikely+0x16cc): undefined reference to `ImGuiConsole::System()'
/usr/bin/ld: CMakeFiles/raylib-cpp-cmake-template.dir/Unity/unity_0_cxx.cxx.o: in function `gui::initConsole()::{lambda()#2}::operator()() const [clone .isra.0]':
/data/projects/TheGameJamTemplate-testing-automation/src/core/gui.cpp:384:(.text.unlikely+0x1871): undefined reference to `ImGuiConsole::System()'
/usr/bin/ld: CMakeFiles/raylib-cpp-cmake-template.dir/Unity/unity_0_cxx.cxx.o: in function `gui::initConsole()::{lambda(std::__cxx11::basic_string<char, std::char_traits<char>, std::allocator<char> > const&, std::__cxx11::basic_string<char, std::char_traits<char>, std::allocator<char> > const&)#1}::operator()(std::__cxx11::basic_string<char, std::char_traits<char>, std::allocator<char> > const&, std::__cxx11::basic_string<char, std::char_traits<char>, std::allocator<char> > const&) const [clone .isra.0]':
/data/projects/TheGameJamTemplate-testing-automation/src/core/gui.cpp:333:(.text.unlikely+0x19e4): undefined reference to `ImGuiConsole::System()'
/usr/bin/ld: CMakeFiles/raylib-cpp-cmake-template.dir/Unity/unity_0_cxx.cxx.o: in function `gui::initConsole()::{lambda(std::__cxx11::basic_string<char, std::char_traits<char>, std::allocator<char> > const&, std::__cxx11::basic_string<char, std::char_traits<char>, std::allocator<char> > const&)#2}::operator()(std::__cxx11::basic_string<char, std::char_traits<char>, std::allocator<char> > const&, std::__cxx11::basic_string<char, std::char_traits<char>, std::allocator<char> > const&) const [clone .isra.0] [clone .cold]':
/data/projects/TheGameJamTemplate-testing-automation/src/core/gui.cpp:365:(.text.unlikely+0x1bc5): undefined reference to `ImGuiConsole::System()'
/usr/bin/ld: CMakeFiles/raylib-cpp-cmake-template.dir/Unity/unity_0_cxx.cxx.o:/data/projects/TheGameJamTemplate-testing-automation/src/core/gui.cpp:432: more undefined references to `ImGuiConsole::System()' follow
/usr/bin/ld: CMakeFiles/raylib-cpp-cmake-template.dir/Unity/unity_0_cxx.cxx.o: in function `layer::render_stack_switch_internal::Pop()':
/data/projects/TheGameJamTemplate-testing-automation/src/systems/layer/layer.hpp:84:(.text._ZN5layer28render_stack_switch_internal3PopEv[_ZN5layer28render_stack_switch_internal3PopEv]+0xb): undefined reference to `layer::render_stack_switch_internal::renderStack'
/usr/bin/ld: /data/projects/TheGameJamTemplate-testing-automation/src/systems/layer/layer.hpp:84:(.text._ZN5layer28render_stack_switch_internal3PopEv[_ZN5layer28render_stack_switch_internal3PopEv]+0x12): undefined reference to `layer::render_stack_switch_internal::renderStack'
/usr/bin/ld: CMakeFiles/raylib-cpp-cmake-template.dir/Unity/unity_0_cxx.cxx.o: in function `std::deque<RenderTexture, std::allocator<RenderTexture> >::pop_back()':
/usr/include/c++/15/bits/stl_deque.h:1667:(.text._ZN5layer28render_stack_switch_internal3PopEv[_ZN5layer28render_stack_switch_internal3PopEv]+0x25): undefined reference to `layer::render_stack_switch_internal::renderStack'
/usr/bin/ld: /usr/include/c++/15/bits/stl_deque.h:1667:(.text._ZN5layer28render_stack_switch_internal3PopEv[_ZN5layer28render_stack_switch_internal3PopEv]+0x2c): undefined reference to `layer::render_stack_switch_internal::renderStack'
/usr/bin/ld: /usr/include/c++/15/bits/stl_deque.h:1670:(.text._ZN5layer28render_stack_switch_internal3PopEv[_ZN5layer28render_stack_switch_internal3PopEv]+0x3d): undefined reference to `layer::render_stack_switch_internal::renderStack'
/usr/bin/ld: CMakeFiles/raylib-cpp-cmake-template.dir/Unity/unity_0_cxx.cxx.o:/data/projects/TheGameJamTemplate-testing-automation/src/systems/layer/layer.hpp:100: more undefined references to `layer::render_stack_switch_internal::renderStack' follow
/usr/bin/ld: CMakeFiles/raylib-cpp-cmake-template.dir/Unity/unity_0_cxx.cxx.o: in function `main':
/data/projects/TheGameJamTemplate-testing-automation/src/main.cpp:568:(.text.startup+0x264b): undefined reference to `layer::InitDispatcher()'
/usr/bin/ld: /data/projects/TheGameJamTemplate-testing-automation/src/main.cpp:582:(.text.startup+0x26a1): undefined reference to `loading_screen::init()'
/usr/bin/ld: /data/projects/TheGameJamTemplate-testing-automation/src/main.cpp:594:(.text.startup+0x26d4): undefined reference to `loading_screen::render(float)'
/usr/bin/ld: /data/projects/TheGameJamTemplate-testing-automation/src/main.cpp:592:(.text.startup+0x26de): undefined reference to `loading_screen::getProgress()'
/usr/bin/ld: /data/projects/TheGameJamTemplate-testing-automation/src/main.cpp:599:(.text.startup+0x26f9): undefined reference to `loading_screen::shutdownExecutor()'
/usr/bin/ld: /data/projects/TheGameJamTemplate-testing-automation/src/main.cpp:600:(.text.startup+0x26fe): undefined reference to `loading_screen::shutdown()'
/usr/bin/ld: /data/projects/TheGameJamTemplate-testing-automation/src/main.cpp:681:(.text.startup+0x2cc3): undefined reference to `layer::UnloadAllLayers()'
/usr/bin/ld: CMakeFiles/raylib-cpp-cmake-template.dir/Unity/unity_0_cxx.cxx.o: in function `ldtk_loader::DrawLevelBackground(std::shared_ptr<layer::Layer>, ldtk::Level const&, Rectangle const*, int)':
/data/projects/TheGameJamTemplate-testing-automation/src/systems/ldtk_loader/ldtk_combined.hpp:206:(.text._ZN11ldtk_loader19DrawLevelBackgroundESt10shared_ptrIN5layer5LayerEERKN4ldtk5LevelEPK9Rectanglei[_ZN11ldtk_loader19DrawLevelBackgroundESt10shared_ptrIN5layer5LayerEERKN4ldtk5LevelEPK9Rectanglei]+0x148): undefined reference to `ldtk::Level::hasBgImage() const'
/usr/bin/ld: /data/projects/TheGameJamTemplate-testing-automation/src/systems/ldtk_loader/ldtk_combined.hpp:207:(.text._ZN11ldtk_loader19DrawLevelBackgroundESt10shared_ptrIN5layer5LayerEERKN4ldtk5LevelEPK9Rectanglei[_ZN11ldtk_loader19DrawLevelBackgroundESt10shared_ptrIN5layer5LayerEERKN4ldtk5LevelEPK9Rectanglei]+0x17c): undefined reference to `ldtk::Level::getBgImage() const'
/usr/bin/ld: CMakeFiles/raylib-cpp-cmake-template.dir/Unity/unity_0_cxx.cxx.o: in function `std::__cxx11::basic_string<char, std::char_traits<char>, std::allocator<char> >::empty() const':
/usr/include/c++/15/bits/basic_string.h:1332:(.text._ZN11ldtk_loader19DrawLevelBackgroundESt10shared_ptrIN5layer5LayerEERKN4ldtk5LevelEPK9Rectanglei[_ZN11ldtk_loader19DrawLevelBackgroundESt10shared_ptrIN5layer5LayerEERKN4ldtk5LevelEPK9Rectanglei]+0x19f): undefined reference to `ldtk_loader::internal_loader::assetDirectory[abi:cxx11]'
/usr/bin/ld: CMakeFiles/raylib-cpp-cmake-template.dir/Unity/unity_0_cxx.cxx.o: in function `std::_Hashtable<std::__cxx11::basic_string<char, std::char_traits<char>, std::allocator<char> >, std::pair<std::__cxx11::basic_string<char, std::char_traits<char>, std::allocator<char> > const, ldtk_loader::internal_loader::TilesetData>, std::allocator<std::pair<std::__cxx11::basic_string<char, std::char_traits<char>, std::allocator<char> > const, ldtk_loader::internal_loader::TilesetData> >, std::__detail::_Select1st, std::equal_to<std::__cxx11::basic_string<char, std::char_traits<char>, std::allocator<char> > >, std::hash<std::__cxx11::basic_string<char, std::char_traits<char>, std::allocator<char> > >, std::__detail::_Mod_range_hashing, std::__detail::_Default_ranged_hash, std::__detail::_Prime_rehash_policy, std::__detail::_Hashtable_traits<true, false, true> >::_M_locate(std::__cxx11::basic_string<char, std::char_traits<char>, std::allocator<char> > const&) const':
/usr/include/c++/15/bits/hashtable.h:2266:(.text._ZN11ldtk_loader19DrawLevelBackgroundESt10shared_ptrIN5layer5LayerEERKN4ldtk5LevelEPK9Rectanglei[_ZN11ldtk_loader19DrawLevelBackgroundESt10shared_ptrIN5layer5LayerEERKN4ldtk5LevelEPK9Rectanglei]+0x216): undefined reference to `ldtk_loader::internal_loader::tilesetCache[abi:cxx11]'
/usr/bin/ld: CMakeFiles/raylib-cpp-cmake-template.dir/Unity/unity_0_cxx.cxx.o: in function `std::_Hashtable<std::__cxx11::basic_string<char, std::char_traits<char>, std::allocator<char> >, std::pair<std::__cxx11::basic_string<char, std::char_traits<char>, std::allocator<char> > const, ldtk_loader::internal_loader::TilesetData>, std::allocator<std::pair<std::__cxx11::basic_string<char, std::char_traits<char>, std::allocator<char> > const, ldtk_loader::internal_loader::TilesetData> >, std::__detail::_Select1st, std::equal_to<std::__cxx11::basic_string<char, std::char_traits<char>, std::allocator<char> > >, std::hash<std::__cxx11::basic_string<char, std::char_traits<char>, std::allocator<char> > >, std::__detail::_Mod_range_hashing, std::__detail::_Default_ranged_hash, std::__detail::_Prime_rehash_policy, std::__detail::_Hashtable_traits<true, false, true> >::_M_bucket_index(unsigned long) const':
/usr/include/c++/15/bits/hashtable.h:811:(.text._ZN11ldtk_loader19DrawLevelBackgroundESt10shared_ptrIN5layer5LayerEERKN4ldtk5LevelEPK9Rectanglei[_ZN11ldtk_loader19DrawLevelBackgroundESt10shared_ptrIN5layer5LayerEERKN4ldtk5LevelEPK9Rectanglei]+0x239): undefined reference to `ldtk_loader::internal_loader::tilesetCache[abi:cxx11]'
/usr/bin/ld: CMakeFiles/raylib-cpp-cmake-template.dir/Unity/unity_0_cxx.cxx.o: in function `std::_Hashtable<std::__cxx11::basic_string<char, std::char_traits<char>, std::allocator<char> >, std::pair<std::__cxx11::basic_string<char, std::char_traits<char>, std::allocator<char> > const, ldtk_loader::internal_loader::TilesetData>, std::allocator<std::pair<std::__cxx11::basic_string<char, std::char_traits<char>, std::allocator<char> > const, ldtk_loader::internal_loader::TilesetData> >, std::__detail::_Select1st, std::equal_to<std::__cxx11::basic_string<char, std::char_traits<char>, std::allocator<char> > >, std::hash<std::__cxx11::basic_string<char, std::char_traits<char>, std::allocator<char> > >, std::__detail::_Mod_range_hashing, std::__detail::_Default_ranged_hash, std::__detail::_Prime_rehash_policy, std::__detail::_Hashtable_traits<true, false, true> >::_M_locate(std::__cxx11::basic_string<char, std::char_traits<char>, std::allocator<char> > const&) const':
/usr/include/c++/15/bits/hashtable.h:2283:(.text._ZN11ldtk_loader19DrawLevelBackgroundESt10shared_ptrIN5layer5LayerEERKN4ldtk5LevelEPK9Rectanglei[_ZN11ldtk_loader19DrawLevelBackgroundESt10shared_ptrIN5layer5LayerEERKN4ldtk5LevelEPK9Rectanglei]+0x24c): undefined reference to `ldtk_loader::internal_loader::tilesetCache[abi:cxx11]'
/usr/bin/ld: /usr/include/c++/15/bits/hashtable.h:2270:(.text._ZN11ldtk_loader19DrawLevelBackgroundESt10shared_ptrIN5layer5LayerEERKN4ldtk5LevelEPK9Rectanglei[_ZN11ldtk_loader19DrawLevelBackgroundESt10shared_ptrIN5layer5LayerEERKN4ldtk5LevelEPK9Rectanglei]+0xbe3): undefined reference to `ldtk_loader::internal_loader::tilesetCache[abi:cxx11]'
/usr/bin/ld: CMakeFiles/raylib-cpp-cmake-template.dir/Unity/unity_0_cxx.cxx.o: in function `bool std::operator==<char, std::char_traits<char>, std::allocator<char> >(std::__cxx11::basic_string<char, std::char_traits<char>, std::allocator<char> > const&, std::__cxx11::basic_string<char, std::char_traits<char>, std::allocator<char> > const&)':
/usr/include/c++/15/bits/basic_string.h:4045:(.text._ZN11ldtk_loader19DrawLevelBackgroundESt10shared_ptrIN5layer5LayerEERKN4ldtk5LevelEPK9Rectanglei[_ZN11ldtk_loader19DrawLevelBackgroundESt10shared_ptrIN5layer5LayerEERKN4ldtk5LevelEPK9Rectanglei]+0xc08): undefined reference to `ldtk_loader::internal_loader::tilesetCache[abi:cxx11]'
/usr/bin/ld: CMakeFiles/raylib-cpp-cmake-template.dir/Unity/unity_0_cxx.cxx.o:/usr/include/c++/15/bits/unordered_map.h:1058: more undefined references to `ldtk_loader::internal_loader::tilesetCache[abi:cxx11]' follow
/usr/bin/ld: CMakeFiles/raylib-cpp-cmake-template.dir/Unity/unity_0_cxx.cxx.o: in function `ldtk_loader::DrawLevelBackground(std::shared_ptr<layer::Layer>, ldtk::Level const&, Rectangle const*, int)':
/data/projects/TheGameJamTemplate-testing-automation/src/systems/ldtk_loader/ldtk_combined.hpp:213:(.text._ZN11ldtk_loader19DrawLevelBackgroundESt10shared_ptrIN5layer5LayerEERKN4ldtk5LevelEPK9Rectanglei[_ZN11ldtk_loader19DrawLevelBackgroundESt10shared_ptrIN5layer5LayerEERKN4ldtk5LevelEPK9Rectanglei]+0xe8f): undefined reference to `ldtk_loader::internal_loader::assetDirectory[abi:cxx11]'
/usr/bin/ld: CMakeFiles/raylib-cpp-cmake-template.dir/Unity/unity_0_cxx.cxx.o: in function `layer::render_stack_switch_internal::ForceClear(char const*)':
/data/projects/TheGameJamTemplate-testing-automation/src/systems/layer/layer.hpp:130:(.text._ZN5layer28render_stack_switch_internal10ForceClearEPKc[_ZN5layer28render_stack_switch_internal10ForceClearEPKc]+0x1a): undefined reference to `layer::render_stack_switch_internal::renderStack'
/usr/bin/ld: /data/projects/TheGameJamTemplate-testing-automation/src/systems/layer/layer.hpp:130:(.text._ZN5layer28render_stack_switch_internal10ForceClearEPKc[_ZN5layer28render_stack_switch_internal10ForceClearEPKc]+0x21): undefined reference to `layer::render_stack_switch_internal::renderStack'
/usr/bin/ld: CMakeFiles/raylib-cpp-cmake-template.dir/Unity/unity_0_cxx.cxx.o: in function `std::operator-(std::_Deque_iterator<RenderTexture, RenderTexture&, RenderTexture*> const&, std::_Deque_iterator<RenderTexture, RenderTexture&, RenderTexture*> const&)':
/usr/include/c++/15/bits/stl_deque.h:376:(.text._ZN5layer28render_stack_switch_internal10ForceClearEPKc[_ZN5layer28render_stack_switch_internal10ForceClearEPKc]+0x36): undefined reference to `layer::render_stack_switch_internal::renderStack'
/usr/bin/ld: /usr/include/c++/15/bits/stl_deque.h:376:(.text._ZN5layer28render_stack_switch_internal10ForceClearEPKc[_ZN5layer28render_stack_switch_internal10ForceClearEPKc]+0x68): undefined reference to `layer::render_stack_switch_internal::renderStack'
/usr/bin/ld: /usr/include/c++/15/bits/stl_deque.h:377:(.text._ZN5layer28render_stack_switch_internal10ForceClearEPKc[_ZN5layer28render_stack_switch_internal10ForceClearEPKc]+0x8c): undefined reference to `layer::render_stack_switch_internal::renderStack'
/usr/bin/ld: CMakeFiles/raylib-cpp-cmake-template.dir/Unity/unity_0_cxx.cxx.o:/usr/include/c++/15/bits/stl_deque.h:377: more undefined references to `layer::render_stack_switch_internal::renderStack' follow
/usr/bin/ld: CMakeFiles/raylib-cpp-cmake-template.dir/Unity/unity_0_cxx.cxx.o: in function `game::run_shader_pipeline(std::shared_ptr<layer::Layer>, std::vector<std::__cxx11::basic_string<char, std::char_traits<char>, std::allocator<char> >, std::allocator<std::__cxx11::basic_string<char, std::char_traits<char>, std::allocator<char> > > > const&, std::__cxx11::basic_string<char, std::char_traits<char>, std::allocator<char> > const&, std::__cxx11::basic_string<char, std::char_traits<char>, std::allocator<char> > const&)':
/data/projects/TheGameJamTemplate-testing-automation/src/core/game.cpp:464:(.text._ZN4game19run_shader_pipelineESt10shared_ptrIN5layer5LayerEERKSt6vectorINSt7__cxx1112basic_stringIcSt11char_traitsIcESaIcEEESaISA_EERKSA_SG_[_ZN4game19run_shader_pipelineESt10shared_ptrIN5layer5LayerEERKSt6vectorINSt7__cxx1112basic_stringIcSt11char_traitsIcESaIcEEESaISA_EERKSA_SG_]+0x116): undefined reference to `layer::DrawCanvasOntoOtherLayerWithShader(std::shared_ptr<layer::Layer> const&, std::__cxx11::basic_string<char, std::char_traits<char>, std::allocator<char> > const&, std::shared_ptr<layer::Layer> const&, std::__cxx11::basic_string<char, std::char_traits<char>, std::allocator<char> > const&, float, float, float, float, float, Color const&, std::__cxx11::basic_string<char, std::char_traits<char>, std::allocator<char> >)'
/usr/bin/ld: /data/projects/TheGameJamTemplate-testing-automation/src/core/game.cpp:490:(.text._ZN4game19run_shader_pipelineESt10shared_ptrIN5layer5LayerEERKSt6vectorINSt7__cxx1112basic_stringIcSt11char_traitsIcESaIcEEESaISA_EERKSA_SG_[_ZN4game19run_shader_pipelineESt10shared_ptrIN5layer5LayerEERKSt6vectorINSt7__cxx1112basic_stringIcSt11char_traitsIcESaIcEEESaISA_EERKSA_SG_]+0x3d5): undefined reference to `layer::DrawCanvasOntoOtherLayer(std::shared_ptr<layer::Layer> const&, std::__cxx11::basic_string<char, std::char_traits<char>, std::allocator<char> > const&, std::shared_ptr<layer::Layer> const&, std::__cxx11::basic_string<char, std::char_traits<char>, std::allocator<char> > const&, float, float, float, float, float, Color const&)'
/usr/bin/ld: CMakeFiles/raylib-cpp-cmake-template.dir/Unity/unity_0_cxx.cxx.o: in function `std::operator-(std::_Deque_iterator<RenderTexture, RenderTexture&, RenderTexture*> const&, std::_Deque_iterator<RenderTexture, RenderTexture&, RenderTexture*> const&)':
/usr/include/c++/15/bits/stl_deque.h:376:(.text._ZN5layer28render_stack_switch_internal16RenderStackGuard4pushER13RenderTexture[_ZN5layer28render_stack_switch_internal16RenderStackGuard4pushER13RenderTexture]+0x33): undefined reference to `layer::render_stack_switch_internal::renderStack'
/usr/bin/ld: /usr/include/c++/15/bits/stl_deque.h:377:(.text._ZN5layer28render_stack_switch_internal16RenderStackGuard4pushER13RenderTexture[_ZN5layer28render_stack_switch_internal16RenderStackGuard4pushER13RenderTexture]+0x3d): undefined reference to `layer::render_stack_switch_internal::renderStack'
/usr/bin/ld: /usr/include/c++/15/bits/stl_deque.h:378:(.text._ZN5layer28render_stack_switch_internal16RenderStackGuard4pushER13RenderTexture[_ZN5layer28render_stack_switch_internal16RenderStackGuard4pushER13RenderTexture]+0x4e): undefined reference to `layer::render_stack_switch_internal::renderStack'
/usr/bin/ld: /usr/include/c++/15/bits/stl_deque.h:376:(.text._ZN5layer28render_stack_switch_internal16RenderStackGuard4pushER13RenderTexture[_ZN5layer28render_stack_switch_internal16RenderStackGuard4pushER13RenderTexture]+0x58): undefined reference to `layer::render_stack_switch_internal::renderStack'
/usr/bin/ld: /usr/include/c++/15/bits/stl_deque.h:377:(.text._ZN5layer28render_stack_switch_internal16RenderStackGuard4pushER13RenderTexture[_ZN5layer28render_stack_switch_internal16RenderStackGuard4pushER13RenderTexture]+0x76): undefined reference to `layer::render_stack_switch_internal::renderStack'
/usr/bin/ld: CMakeFiles/raylib-cpp-cmake-template.dir/Unity/unity_0_cxx.cxx.o:/usr/include/c++/15/bits/stl_deque.h:378: more undefined references to `layer::render_stack_switch_internal::renderStack' follow
/usr/bin/ld: warning: creating DT_TEXTREL in a PIE
collect2: error: ld returned 1 exit status
/usr/bin/c++  -Wall -O2 -g -DNDEBUG -Wl,--dependency-file=CMakeFiles/raylib-cpp-cmake-template.dir/link.d "CMakeFiles/raylib-cpp-cmake-template.dir/Unity/unity_16_cxx.cxx.o" "CMakeFiles/raylib-cpp-cmake-template.dir/Unity/unity_15_cxx.cxx.o" "CMakeFiles/raylib-cpp-cmake-template.dir/Unity/unity_14_cxx.cxx.o" "CMakeFiles/raylib-cpp-cmake-template.dir/Unity/unity_13_cxx.cxx.o" "CMakeFiles/raylib-cpp-cmake-template.dir/Unity/unity_12_cxx.cxx.o" "CMakeFiles/raylib-cpp-cmake-template.dir/Unity/unity_11_cxx.cxx.o" "CMakeFiles/raylib-cpp-cmake-template.dir/Unity/unity_10_cxx.cxx.o" "CMakeFiles/raylib-cpp-cmake-template.dir/Unity/unity_9_cxx.cxx.o" "CMakeFiles/raylib-cpp-cmake-template.dir/Unity/unity_8_cxx.cxx.o" "CMakeFiles/raylib-cpp-cmake-template.dir/Unity/unity_7_cxx.cxx.o" "CMakeFiles/raylib-cpp-cmake-template.dir/Unity/unity_6_cxx.cxx.o" "CMakeFiles/raylib-cpp-cmake-template.dir/Unity/unity_5_cxx.cxx.o" "CMakeFiles/raylib-cpp-cmake-template.dir/Unity/unity_4_cxx.cxx.o" "CMakeFiles/raylib-cpp-cmake-template.dir/Unity/unity_3_cxx.cxx.o" "CMakeFiles/raylib-cpp-cmake-template.dir/Unity/unity_2_cxx.cxx.o" "CMakeFiles/raylib-cpp-cmake-template.dir/Unity/unity_1_cxx.cxx.o" "CMakeFiles/raylib-cpp-cmake-template.dir/Unity/unity_0_cxx.cxx.o" "CMakeFiles/raylib-cpp-cmake-template.dir/src/third_party/objectpool-master/src/object_pool.cpp.o" -o raylib-cpp-cmake-template  _deps/raylib-build/raylib/libraylib.a -lpthread /usr/lib/x86_64-linux-gnu/libOpenGL.so /usr/lib/x86_64-linux-gnu/libGLX.so /usr/lib/x86_64-linux-gnu/librt.a -lm -ldl src/third_party/fmt/libfmt.a _deps/spdlog-build/libspdlog.a lib/libgpgoap.a src/third_party/chipmunk/src/libchipmunk.a _deps/lua-build/liblua_lib.a -lm
gmake[3]: *** [CMakeFiles/raylib-cpp-cmake-template.dir/build.make:436: raylib-cpp-cmake-template] Error 1
gmake[3]: Leaving directory '/data/projects/TheGameJamTemplate@testing-automation/build-game-min-notracy'
gmake[2]: *** [CMakeFiles/Makefile2:576: CMakeFiles/raylib-cpp-cmake-template.dir/all] Error 2
gmake[2]: Leaving directory '/data/projects/TheGameJamTemplate@testing-automation/build-game-min-notracy'
gmake[1]: *** [CMakeFiles/Makefile2:583: CMakeFiles/raylib-cpp-cmake-template.dir/rule] Error 2
gmake[1]: Leaving directory '/data/projects/TheGameJamTemplate@testing-automation/build-game-min-notracy'
gmake: *** [Makefile:193: raylib-cpp-cmake-template] Error 2
